{"C:\\Users\\MusaGhauri\\Desktop\\BitBytes\\musaghauri\\hr-system\\server\\test-server.js":{"path":"C:\\Users\\MusaGhauri\\Desktop\\BitBytes\\musaghauri\\hr-system\\server\\test-server.js","statementMap":{"0":{"start":{"line":3,"column":29},"end":{"line":3,"column":84}},"1":{"start":{"line":5,"column":0},"end":{"line":7,"column":3}},"2":{"start":{"line":8,"column":0},"end":{"line":8,"column":28}},"3":{"start":{"line":10,"column":15},"end":{"line":10,"column":57}},"4":{"start":{"line":12,"column":16},"end":{"line":12,"column":59}},"5":{"start":{"line":14,"column":18},"end":{"line":14,"column":64}},"6":{"start":{"line":16,"column":14},"end":{"line":16,"column":57}},"7":{"start":{"line":18,"column":14},"end":{"line":18,"column":34}},"8":{"start":{"line":21,"column":11},"end":{"line":21,"column":49}},"9":{"start":{"line":22,"column":10},"end":{"line":22,"column":47}},"10":{"start":{"line":26,"column":0},"end":{"line":26,"column":46}},"11":{"start":{"line":28,"column":0},"end":{"line":38,"column":3}},"12":{"start":{"line":33,"column":2},"end":{"line":37,"column":3}},"13":{"start":{"line":34,"column":4},"end":{"line":34,"column":72}},"14":{"start":{"line":36,"column":4},"end":{"line":36,"column":16}},"15":{"start":{"line":41,"column":10},"end":{"line":41,"column":36}},"16":{"start":{"line":44,"column":0},"end":{"line":46,"column":4}},"17":{"start":{"line":47,"column":0},"end":{"line":50,"column":4}},"18":{"start":{"line":51,"column":0},"end":{"line":51,"column":36}},"19":{"start":{"line":54,"column":0},"end":{"line":57,"column":3}},"20":{"start":{"line":55,"column":2},"end":{"line":55,"column":21}},"21":{"start":{"line":55,"column":11},"end":{"line":55,"column":21}},"22":{"start":{"line":56,"column":2},"end":{"line":56,"column":59}},"23":{"start":{"line":59,"column":15},"end":{"line":59,"column":18}},"24":{"start":{"line":60,"column":0},"end":{"line":60,"column":30}}},"fnMap":{"0":{"name":"(anonymous_0)","decl":{"start":{"line":32,"column":3},"end":{"line":32,"column":4}},"loc":{"start":{"line":32,"column":20},"end":{"line":38,"column":1}},"line":32},"1":{"name":"(anonymous_1)","decl":{"start":{"line":54,"column":17},"end":{"line":54,"column":18}},"loc":{"start":{"line":54,"column":32},"end":{"line":57,"column":1}},"line":54}},"branchMap":{"0":{"loc":{"start":{"line":21,"column":11},"end":{"line":21,"column":49}},"type":"binary-expr","locations":[{"start":{"line":21,"column":11},"end":{"line":21,"column":41}},{"start":{"line":21,"column":45},"end":{"line":21,"column":49}}],"line":21},"1":{"loc":{"start":{"line":33,"column":2},"end":{"line":37,"column":3}},"type":"if","locations":[{"start":{"line":33,"column":2},"end":{"line":37,"column":3}},{"start":{"line":33,"column":2},"end":{"line":37,"column":3}}],"line":33},"2":{"loc":{"start":{"line":55,"column":2},"end":{"line":55,"column":21}},"type":"if","locations":[{"start":{"line":55,"column":2},"end":{"line":55,"column":21}},{"start":{"line":55,"column":2},"end":{"line":55,"column":21}}],"line":55}},"s":{"0":1,"1":1,"2":1,"3":1,"4":1,"5":1,"6":1,"7":1,"8":1,"9":1,"10":1,"11":1,"12":0,"13":0,"14":0,"15":1,"16":1,"17":1,"18":1,"19":1,"20":1,"21":0,"22":1,"23":1,"24":1},"f":{"0":0,"1":1},"b":{"0":[1,1],"1":[0,0],"2":[0,1]},"inputSourceMap":{"version":3,"sources":["test-server.js"],"names":["port","parseInt","process","env","PORT","dev","NODE_ENV","mongoose","Promise","global","connect","MONGO_URL","useUnifiedTopology","useNewUrlParser","useCreateIndex","error","console","app","use","bodyParser","json","limit","urlencoded","extended","HR_SYSTEM_API","listen","err","log"],"mappings":";;;;;;;;;AAAA;;AAEA;;AACA;;AACA;;AACA;;AAJA;AAMA,IAAMA,IAAI,GAAGC,QAAQ,CAACC,OAAO,CAACC,GAAR,CAAYC,IAAb,EAAmB,EAAnB,CAAR,IAAkC,IAA/C;AACA,IAAMC,GAAG,GAAGH,OAAO,CAACC,GAAR,CAAYG,QAAZ,KAAyB,YAArC,C,CACA;AACA;AAEA;;AACAC,qBAASC,OAAT,GAAmBC,MAAM,CAACD,OAA1B,C,CACA;;AACAD,qBAASG,OAAT,CACEC,iBADF,EAEE;AAAEC,EAAAA,kBAAkB,EAAE,IAAtB;AAA4BC,EAAAA,eAAe,EAAE,IAA7C;AAAmDC,EAAAA,cAAc,EAAE;AAAnE,CAFF,EAGE,UAAAC,KAAK,EAAI;AACP,MAAIA,KAAJ,EAAW;AACTC,IAAAA,OAAO,CAACD,KAAR,CAAc,oDAAd,EADS,CAC4D;;AACrE,UAAMA,KAAN;AACD;AACF,CARH,E,CAWA;;;AACA,IAAME,GAAG,GAAG,0BAAZ,C,CAAuB;AACvB;;AACAA,GAAG,CAACC,GAAJ,CAAQC,uBAAWC,IAAX,CAAgB;AAAEC,EAAAA,KAAK,EAAE;AAAT,CAAhB,CAAR;AACAJ,GAAG,CAACC,GAAJ,CAAQC,uBAAWG,UAAX,CAAsB;AAAED,EAAAA,KAAK,EAAE,MAAT;AAAiBE,EAAAA,QAAQ,EAAE;AAA3B,CAAtB,CAAR;AACAN,GAAG,CAACC,GAAJ,CAAQ,MAAR,EAAgBM,kBAAhB,E,CAEA;AACA;;AACAP,GAAG,CAACQ,MAAJ,CAAWzB,IAAX,EAAiB,UAAA0B,GAAG,EAAI;AACtB,MAAIA,GAAJ,EAAS,MAAMA,GAAN;AACTV,EAAAA,OAAO,CAACW,GAAR,uCAA2C3B,IAA3C;AACD,CAHD,E,CAIA;;eAEeiB,G","sourceRoot":"C:\\Users\\MusaGhauri\\Desktop\\BitBytes\\musaghauri\\hr-system\\server\\","sourcesContent":["import express from 'express';\r\n// import next from 'next';\r\nimport mongoose from 'mongoose';\r\nimport bodyParser from 'body-parser';\r\nimport HR_SYSTEM_API from '@server/routes';\r\nimport { MONGO_URL } from '@config';\r\n\r\nconst port = parseInt(process.env.PORT, 10) || 8000;\r\nconst dev = process.env.NODE_ENV !== 'production';\r\n// const app = next({ dev });\r\n// const handle = app.getRequestHandler();\r\n\r\n// // Set native promises as mongoose promise\r\nmongoose.Promise = global.Promise;\r\n// MongoDB Connection\r\nmongoose.connect(\r\n  MONGO_URL,\r\n  { useUnifiedTopology: true, useNewUrlParser: true, useCreateIndex: true },\r\n  error => {\r\n    if (error) {\r\n      console.error('Please make sure Mongodb is installed and running!'); // eslint-disable-line no-console\r\n      throw error;\r\n    }\r\n  }\r\n);\r\n\r\n// app.prepare().then(() => {\r\nconst app = express(); // Express Server\r\n// Bodyparser to receive body from API calls\r\napp.use(bodyParser.json({ limit: '20mb' }));\r\napp.use(bodyParser.urlencoded({ limit: '20mb', extended: false }));\r\napp.use('/api', HR_SYSTEM_API);\r\n\r\n// app.get('*', (req, res) => handle(req, res));\r\n// server\r\napp.listen(port, err => {\r\n  if (err) throw err;\r\n  console.log(`> Ready on http://localhost:${port}`);\r\n});\r\n// });\r\n\r\nexport default app;\r\n"]},"_coverageSchema":"1a1c01bbd47fc00a2c39e90264f33305004495a9","hash":"a057f89b4408780554699f9641793c440101c9e0","contentHash":"3cedc62726da2cfb976eaa7f6ed53b893570a379f40ebcb69282a707682114f8"},"C:\\Users\\MusaGhauri\\Desktop\\BitBytes\\musaghauri\\hr-system\\server\\routes\\index.js":{"path":"C:\\Users\\MusaGhauri\\Desktop\\BitBytes\\musaghauri\\hr-system\\server\\routes\\index.js","statementMap":{"0":{"start":{"line":3,"column":29},"end":{"line":3,"column":84}},"1":{"start":{"line":5,"column":0},"end":{"line":7,"column":3}},"2":{"start":{"line":8,"column":0},"end":{"line":8,"column":28}},"3":{"start":{"line":10,"column":15},"end":{"line":10,"column":57}},"4":{"start":{"line":12,"column":12},"end":{"line":12,"column":53}},"5":{"start":{"line":14,"column":12},"end":{"line":14,"column":53}},"6":{"start":{"line":16,"column":18},"end":{"line":16,"column":65}},"7":{"start":{"line":18,"column":15},"end":{"line":18,"column":59}},"8":{"start":{"line":20,"column":13},"end":{"line":20,"column":55}},"9":{"start":{"line":22,"column":13},"end":{"line":22,"column":55}},"10":{"start":{"line":24,"column":12},"end":{"line":24,"column":53}},"11":{"start":{"line":26,"column":16},"end":{"line":26,"column":61}},"12":{"start":{"line":28,"column":20},"end":{"line":28,"column":69}},"13":{"start":{"line":30,"column":16},"end":{"line":30,"column":61}},"14":{"start":{"line":32,"column":18},"end":{"line":32,"column":65}},"15":{"start":{"line":34,"column":13},"end":{"line":34,"column":41}},"16":{"start":{"line":39,"column":0},"end":{"line":41,"column":3}},"17":{"start":{"line":40,"column":2},"end":{"line":40,"column":24}},"18":{"start":{"line":42,"column":0},"end":{"line":42,"column":38}},"19":{"start":{"line":43,"column":0},"end":{"line":43,"column":39}},"20":{"start":{"line":44,"column":0},"end":{"line":44,"column":51}},"21":{"start":{"line":45,"column":0},"end":{"line":45,"column":39}},"22":{"start":{"line":46,"column":0},"end":{"line":46,"column":46}},"23":{"start":{"line":47,"column":0},"end":{"line":47,"column":41}},"24":{"start":{"line":48,"column":0},"end":{"line":48,"column":41}},"25":{"start":{"line":49,"column":0},"end":{"line":49,"column":40}},"26":{"start":{"line":50,"column":0},"end":{"line":50,"column":48}},"27":{"start":{"line":51,"column":0},"end":{"line":51,"column":55}},"28":{"start":{"line":52,"column":0},"end":{"line":52,"column":46}},"29":{"start":{"line":53,"column":0},"end":{"line":53,"column":51}},"30":{"start":{"line":54,"column":15},"end":{"line":54,"column":21}},"31":{"start":{"line":55,"column":0},"end":{"line":55,"column":30}}},"fnMap":{"0":{"name":"(anonymous_0)","decl":{"start":{"line":39,"column":28},"end":{"line":39,"column":29}},"loc":{"start":{"line":39,"column":48},"end":{"line":41,"column":1}},"line":39}},"branchMap":{},"s":{"0":1,"1":1,"2":1,"3":1,"4":1,"5":1,"6":1,"7":1,"8":1,"9":1,"10":1,"11":1,"12":1,"13":1,"14":1,"15":1,"16":1,"17":1,"18":1,"19":1,"20":1,"21":1,"22":1,"23":1,"24":1,"25":1,"26":1,"27":1,"28":1,"29":1,"30":1,"31":1},"f":{"0":1},"b":{},"inputSourceMap":{"version":3,"sources":["index.js"],"names":["router","express","Router","get","req","res","send","use","authRoutes","roleRoutes","permissionRoutes","countryRoutes","stateRoutes","assetRoutes","cityRoutes","priorityRoutes","announcementRoutes","wishlistRoutes","departmentRoutes"],"mappings":";;;;;;;;;AAAA;;AACA;;AACA;;AACA;;AACA;;AACA;;AACA;;AACA;;AACA;;AACA;;AACA;;AACA;;AAEA,IAAMA,MAAM,GAAGC,oBAAQC,MAAR,EAAf,C,CAAiC;;AAEjC;;;AACAF,MAAM,CAACG,GAAP,CAAW,eAAX,EAA4B,UAACC,GAAD,EAAMC,GAAN;AAAA,SAAcA,GAAG,CAACC,IAAJ,CAAS,IAAT,CAAd;AAAA,CAA5B;AACAN,MAAM,CAACO,GAAP,CAAW,OAAX,EAAoBC,gBAApB;AACAR,MAAM,CAACO,GAAP,CAAW,QAAX,EAAqBE,gBAArB;AACAT,MAAM,CAACO,GAAP,CAAW,cAAX,EAA2BG,sBAA3B;AACAV,MAAM,CAACO,GAAP,CAAW,QAAX,EAAqBE,gBAArB;AACAT,MAAM,CAACO,GAAP,CAAW,YAAX,EAAyBI,mBAAzB;AACAX,MAAM,CAACO,GAAP,CAAW,SAAX,EAAsBK,iBAAtB;AACAZ,MAAM,CAACO,GAAP,CAAW,SAAX,EAAsBM,iBAAtB;AACAb,MAAM,CAACO,GAAP,CAAW,SAAX,EAAsBO,gBAAtB;AACAd,MAAM,CAACO,GAAP,CAAW,aAAX,EAA0BQ,oBAA1B;AACAf,MAAM,CAACO,GAAP,CAAW,gBAAX,EAA6BS,wBAA7B;AACAhB,MAAM,CAACO,GAAP,CAAW,WAAX,EAAwBU,oBAAxB;AACAjB,MAAM,CAACO,GAAP,CAAW,cAAX,EAA2BW,sBAA3B;eAEelB,M","sourceRoot":"C:\\Users\\MusaGhauri\\Desktop\\BitBytes\\musaghauri\\hr-system\\server\\routes\\","sourcesContent":["import express from 'express';\r\nimport authRoutes from './auth';\r\nimport roleRoutes from './role';\r\nimport permissionRoutes from './permission';\r\nimport countryRoutes from './country';\r\nimport stateRoutes from './state';\r\nimport assetRoutes from './asset';\r\nimport cityRoutes from './city';\r\nimport priorityRoutes from './priority';\r\nimport announcementRoutes from './announcement';\r\nimport wishlistRoutes from './wishlist';\r\nimport departmentRoutes from './department';\r\n\r\nconst router = express.Router(); // eslint-disable-line new-cap\r\n\r\n/** GET /health-check - Check service health */\r\nrouter.get('/health-check', (req, res) => res.send('OK'));\r\nrouter.use('/auth', authRoutes);\r\nrouter.use('/roles', roleRoutes);\r\nrouter.use('/permissions', permissionRoutes);\r\nrouter.use('/roles', roleRoutes);\r\nrouter.use('/countries', countryRoutes);\r\nrouter.use('/states', stateRoutes);\r\nrouter.use('/assets', assetRoutes);\r\nrouter.use('/cities', cityRoutes);\r\nrouter.use('/priorities', priorityRoutes);\r\nrouter.use('/announcements', announcementRoutes);\r\nrouter.use('/wishlist', wishlistRoutes);\r\nrouter.use('/departments', departmentRoutes);\r\n\r\nexport default router;\r\n"]},"_coverageSchema":"1a1c01bbd47fc00a2c39e90264f33305004495a9","hash":"552ef62898e6fe517073d0206dffdcd8d677daae","contentHash":"57b34120ef641fbbea497c157c788c346f3a5e7eabe812dab45bb633ab5b2325"},"C:\\Users\\MusaGhauri\\Desktop\\BitBytes\\musaghauri\\hr-system\\server\\routes\\auth.js":{"path":"C:\\Users\\MusaGhauri\\Desktop\\BitBytes\\musaghauri\\hr-system\\server\\routes\\auth.js","statementMap":{"0":{"start":{"line":3,"column":29},"end":{"line":3,"column":84}},"1":{"start":{"line":5,"column":0},"end":{"line":7,"column":3}},"2":{"start":{"line":8,"column":0},"end":{"line":8,"column":28}},"3":{"start":{"line":10,"column":15},"end":{"line":10,"column":57}},"4":{"start":{"line":12,"column":12},"end":{"line":12,"column":66}},"5":{"start":{"line":14,"column":13},"end":{"line":14,"column":41}},"6":{"start":{"line":17,"column":0},"end":{"line":19,"column":30}},"7":{"start":{"line":20,"column":0},"end":{"line":22,"column":39}},"8":{"start":{"line":23,"column":0},"end":{"line":25,"column":38}},"9":{"start":{"line":26,"column":15},"end":{"line":26,"column":21}},"10":{"start":{"line":27,"column":0},"end":{"line":27,"column":30}}},"fnMap":{},"branchMap":{},"s":{"0":1,"1":1,"2":1,"3":1,"4":1,"5":1,"6":1,"7":1,"8":1,"9":1,"10":1},"f":{},"b":{},"inputSourceMap":{"version":3,"sources":["auth.js"],"names":["router","express","Router","route","post","authCtrl","login","forgotPassword","resetPassword"],"mappings":";;;;;;;;;AAAA;;AACA;;AAEA,IAAMA,MAAM,GAAGC,oBAAQC,MAAR,EAAf,C,CAAiC;;;AAEjCF,MAAM,CACHG,KADH,CACS,QADT;AAEE;AAFF,CAGGC,IAHH,CAGQC,iBAASC,KAHjB;AAKAN,MAAM,CACHG,KADH,CACS,kBADT;AAEE;AAFF,CAGGC,IAHH,CAGQC,iBAASE,cAHjB;AAKAP,MAAM,CACHG,KADH,CACS,iBADT;AAEE;AAFF,CAGGC,IAHH,CAGQC,iBAASG,aAHjB;eAKeR,M","sourceRoot":"C:\\Users\\MusaGhauri\\Desktop\\BitBytes\\musaghauri\\hr-system\\server\\routes\\","sourcesContent":["import express from 'express';\r\nimport authCtrl from '../controllers/auth';\r\n\r\nconst router = express.Router(); // eslint-disable-line new-cap\r\n\r\nrouter\r\n  .route('/login')\r\n  /** POST /api/auth/login - Login user */\r\n  .post(authCtrl.login);\r\n\r\nrouter\r\n  .route('/forgot-password')\r\n  /** POST /api/auth/forgot-password - Forgot Password */\r\n  .post(authCtrl.forgotPassword);\r\n\r\nrouter\r\n  .route('/reset-password')\r\n  /** POST /api/auth/reset-password - Reset Password */\r\n  .post(authCtrl.resetPassword);\r\n\r\nexport default router;\r\n"]},"_coverageSchema":"1a1c01bbd47fc00a2c39e90264f33305004495a9","hash":"6e784d5737b35474d14caf814e92a8823939cbab","contentHash":"ab58c0100394d85897e7a9eb87da23918701fa94f900e4c37058230b358cacd7"},"C:\\Users\\MusaGhauri\\Desktop\\BitBytes\\musaghauri\\hr-system\\server\\controllers\\auth.js":{"path":"C:\\Users\\MusaGhauri\\Desktop\\BitBytes\\musaghauri\\hr-system\\server\\controllers\\auth.js","statementMap":{"0":{"start":{"line":3,"column":29},"end":{"line":3,"column":84}},"1":{"start":{"line":5,"column":0},"end":{"line":7,"column":3}},"2":{"start":{"line":8,"column":0},"end":{"line":8,"column":28}},"3":{"start":{"line":10,"column":18},"end":{"line":10,"column":64}},"4":{"start":{"line":12,"column":12},"end":{"line":12,"column":62}},"5":{"start":{"line":16,"column":18},"end":{"line":16,"column":26}},"6":{"start":{"line":17,"column":14},"end":{"line":17,"column":29}},"7":{"start":{"line":18,"column":13},"end":{"line":18,"column":27}},"8":{"start":{"line":19,"column":17},"end":{"line":19,"column":35}},"9":{"start":{"line":21,"column":2},"end":{"line":29,"column":5}},"10":{"start":{"line":22,"column":4},"end":{"line":22,"column":26}},"11":{"start":{"line":24,"column":20},"end":{"line":24,"column":28}},"12":{"start":{"line":25,"column":17},"end":{"line":25,"column":96}},"13":{"start":{"line":26,"column":17},"end":{"line":26,"column":22}},"14":{"start":{"line":27,"column":14},"end":{"line":27,"column":44}},"15":{"start":{"line":28,"column":4},"end":{"line":28,"column":33}},"16":{"start":{"line":33,"column":14},"end":{"line":33,"column":28}},"17":{"start":{"line":35,"column":2},"end":{"line":43,"column":5}},"18":{"start":{"line":36,"column":4},"end":{"line":36,"column":28}},"19":{"start":{"line":38,"column":21},"end":{"line":38,"column":29}},"20":{"start":{"line":39,"column":17},"end":{"line":39,"column":98}},"21":{"start":{"line":40,"column":18},"end":{"line":40,"column":23}},"22":{"start":{"line":41,"column":14},"end":{"line":41,"column":46}},"23":{"start":{"line":42,"column":4},"end":{"line":42,"column":33}},"24":{"start":{"line":47,"column":2},"end":{"line":55,"column":5}},"25":{"start":{"line":48,"column":4},"end":{"line":48,"column":28}},"26":{"start":{"line":50,"column":21},"end":{"line":50,"column":29}},"27":{"start":{"line":51,"column":17},"end":{"line":51,"column":98}},"28":{"start":{"line":52,"column":18},"end":{"line":52,"column":23}},"29":{"start":{"line":53,"column":14},"end":{"line":53,"column":46}},"30":{"start":{"line":54,"column":4},"end":{"line":54,"column":33}},"31":{"start":{"line":58,"column":15},"end":{"line":62,"column":1}},"32":{"start":{"line":63,"column":0},"end":{"line":63,"column":30}}},"fnMap":{"0":{"name":"login","decl":{"start":{"line":15,"column":9},"end":{"line":15,"column":14}},"loc":{"start":{"line":15,"column":25},"end":{"line":30,"column":1}},"line":15},"1":{"name":"(anonymous_1)","decl":{"start":{"line":21,"column":53},"end":{"line":21,"column":54}},"loc":{"start":{"line":21,"column":69},"end":{"line":23,"column":3}},"line":21},"2":{"name":"(anonymous_2)","decl":{"start":{"line":23,"column":14},"end":{"line":23,"column":15}},"loc":{"start":{"line":23,"column":27},"end":{"line":29,"column":3}},"line":23},"3":{"name":"forgotPassword","decl":{"start":{"line":32,"column":9},"end":{"line":32,"column":23}},"loc":{"start":{"line":32,"column":34},"end":{"line":44,"column":1}},"line":32},"4":{"name":"(anonymous_4)","decl":{"start":{"line":35,"column":46},"end":{"line":35,"column":47}},"loc":{"start":{"line":35,"column":64},"end":{"line":37,"column":3}},"line":35},"5":{"name":"(anonymous_5)","decl":{"start":{"line":37,"column":14},"end":{"line":37,"column":15}},"loc":{"start":{"line":37,"column":27},"end":{"line":43,"column":3}},"line":37},"6":{"name":"resetPassword","decl":{"start":{"line":46,"column":9},"end":{"line":46,"column":22}},"loc":{"start":{"line":46,"column":33},"end":{"line":56,"column":1}},"line":46},"7":{"name":"(anonymous_7)","decl":{"start":{"line":47,"column":48},"end":{"line":47,"column":49}},"loc":{"start":{"line":47,"column":66},"end":{"line":49,"column":3}},"line":47},"8":{"name":"(anonymous_8)","decl":{"start":{"line":49,"column":14},"end":{"line":49,"column":15}},"loc":{"start":{"line":49,"column":27},"end":{"line":55,"column":3}},"line":49}},"branchMap":{"0":{"loc":{"start":{"line":25,"column":17},"end":{"line":25,"column":96}},"type":"cond-expr","locations":[{"start":{"line":25,"column":40},"end":{"line":25,"column":84}},{"start":{"line":25,"column":87},"end":{"line":25,"column":96}}],"line":25},"1":{"loc":{"start":{"line":27,"column":14},"end":{"line":27,"column":44}},"type":"cond-expr","locations":[{"start":{"line":27,"column":34},"end":{"line":27,"column":35}},{"start":{"line":27,"column":38},"end":{"line":27,"column":44}}],"line":27},"2":{"loc":{"start":{"line":39,"column":17},"end":{"line":39,"column":98}},"type":"cond-expr","locations":[{"start":{"line":39,"column":41},"end":{"line":39,"column":85}},{"start":{"line":39,"column":88},"end":{"line":39,"column":98}}],"line":39},"3":{"loc":{"start":{"line":41,"column":14},"end":{"line":41,"column":46}},"type":"cond-expr","locations":[{"start":{"line":41,"column":35},"end":{"line":41,"column":36}},{"start":{"line":41,"column":39},"end":{"line":41,"column":46}}],"line":41},"4":{"loc":{"start":{"line":51,"column":17},"end":{"line":51,"column":98}},"type":"cond-expr","locations":[{"start":{"line":51,"column":41},"end":{"line":51,"column":85}},{"start":{"line":51,"column":88},"end":{"line":51,"column":98}}],"line":51},"5":{"loc":{"start":{"line":53,"column":14},"end":{"line":53,"column":46}},"type":"cond-expr","locations":[{"start":{"line":53,"column":35},"end":{"line":53,"column":36}},{"start":{"line":53,"column":39},"end":{"line":53,"column":46}}],"line":53}},"s":{"0":1,"1":1,"2":1,"3":1,"4":1,"5":0,"6":0,"7":0,"8":0,"9":0,"10":0,"11":0,"12":0,"13":0,"14":0,"15":0,"16":0,"17":0,"18":0,"19":0,"20":0,"21":0,"22":0,"23":0,"24":0,"25":0,"26":0,"27":0,"28":0,"29":0,"30":0,"31":1,"32":1},"f":{"0":0,"1":0,"2":0,"3":0,"4":0,"5":0,"6":0,"7":0,"8":0},"b":{"0":[0,0],"1":[0,0],"2":[0,0],"3":[0,0],"4":[0,0],"5":[0,0]},"inputSourceMap":{"version":3,"sources":["auth.js"],"names":["login","req","res","body","email","role","password","AuthHelper","then","user","json","e","status","httpStatus","INTERNAL_SERVER_ERROR","err","send","forgotPassword","resetPassword"],"mappings":";;;;;;;;;AACA;;AACA;;AAFA;AAIA,SAASA,KAAT,CAAeC,GAAf,EAAoBC,GAApB,EAAyB;AAAA,kBACaD,GAAG,CAACE,IADjB;AAAA,MACbC,KADa,aACbA,KADa;AAAA,MACNC,IADM,aACNA,IADM;AAAA,MACAC,QADA,aACAA,QADA;;AAGrBC,mBAAWP,KAAX,CAAiBI,KAAjB,EAAwBC,IAAxB,EAA8BC,QAA9B,EACKE,IADL,CACW,UAAAC,IAAI;AAAA,WAAIP,GAAG,CAACQ,IAAJ,CAASD,IAAT,CAAJ;AAAA,GADf,WAEW,UAAAE,CAAC,EAAI;AAAA,oBACuDA,CADvD,CACAC,MADA;AAAA,QACAA,MADA,0BACSC,uBAAWC,qBADpB;AAAA,iBACuDH,CADvD,CAC2CI,GAD3C;AAAA,QAC2CA,GAD3C,uBACiDJ,CADjD;AAERT,IAAAA,GAAG,CAACU,MAAJ,CAAWA,MAAX,EAAmBI,IAAnB,CAAwBD,GAAxB;AACH,GALL;AAMH;;AAGD,SAASE,cAAT,CAAwBhB,GAAxB,EAA6BC,GAA7B,EAAkC;AAAA,MACtBE,KADsB,GACZH,GAAG,CAACE,IADQ,CACtBC,KADsB;;AAE9BG,mBAAWU,cAAX,CAA0Bb,KAA1B,EACKI,IADL,CACU,UAAAI,MAAM;AAAA,WAAIV,GAAG,CAACQ,IAAJ,CAASE,MAAT,CAAJ;AAAA,GADhB,WAEW,UAAAD,CAAC,EAAI;AAAA,qBACuDA,CADvD,CACAC,MADA;AAAA,QACAA,MADA,2BACSC,uBAAWC,qBADpB;AAAA,kBACuDH,CADvD,CAC2CI,GAD3C;AAAA,QAC2CA,GAD3C,wBACiDJ,CADjD;AAERT,IAAAA,GAAG,CAACU,MAAJ,CAAWA,MAAX,EAAmBI,IAAnB,CAAwBD,GAAxB;AACH,GALL;AAMH;;AAED,SAASG,aAAT,CAAuBjB,GAAvB,EAA4BC,GAA5B,EAAiC;AAC7BK,mBAAWW,aAAX,CAAyBjB,GAAG,CAACE,IAA7B,EACKK,IADL,CACU,UAAAI,MAAM;AAAA,WAAIV,GAAG,CAACQ,IAAJ,CAASE,MAAT,CAAJ;AAAA,GADhB,WAEW,UAAAD,CAAC,EAAI;AAAA,qBACuDA,CADvD,CACAC,MADA;AAAA,QACAA,MADA,2BACSC,uBAAWC,qBADpB;AAAA,kBACuDH,CADvD,CAC2CI,GAD3C;AAAA,QAC2CA,GAD3C,wBACiDJ,CADjD;AAERT,IAAAA,GAAG,CAACU,MAAJ,CAAWA,MAAX,EAAmBI,IAAnB,CAAwBD,GAAxB;AACH,GALL;AAMH;;eAEc;AAAEf,EAAAA,KAAK,EAALA,KAAF;AAASiB,EAAAA,cAAc,EAAdA,cAAT;AAAyBC,EAAAA,aAAa,EAAbA;AAAzB,C","sourceRoot":"C:\\Users\\MusaGhauri\\Desktop\\BitBytes\\musaghauri\\hr-system\\server\\controllers\\","sourcesContent":["/* eslint-disable */\r\nimport httpStatus from 'http-status';\r\nimport AuthHelper from '../helpers/Auth';\r\n\r\nfunction login(req, res) {\r\n    const { email, role, password } = req.body;\r\n\r\n    AuthHelper.login(email, role, password)\r\n        .then (user => res.json(user))\r\n        .catch(e => {\r\n            const { status = httpStatus.INTERNAL_SERVER_ERROR, err = e } = e;\r\n            res.status(status).send(err)\r\n        });\r\n}\r\n\r\n\r\nfunction forgotPassword(req, res) {\r\n    const { email } = req.body;\r\n    AuthHelper.forgotPassword(email)\r\n        .then(status => res.json(status))\r\n        .catch(e => {\r\n            const { status = httpStatus.INTERNAL_SERVER_ERROR, err = e } = e;\r\n            res.status(status).send(err)\r\n        });\r\n}\r\n\r\nfunction resetPassword(req, res) {\r\n    AuthHelper.resetPassword(req.body)\r\n        .then(status => res.json(status))\r\n        .catch(e => {\r\n            const { status = httpStatus.INTERNAL_SERVER_ERROR, err = e } = e;\r\n            res.status(status).send(err)\r\n        });\r\n}\r\n\r\nexport default { login, forgotPassword, resetPassword };\r\n"]},"_coverageSchema":"1a1c01bbd47fc00a2c39e90264f33305004495a9","hash":"6b1b4b94b7d1426dc3e2662af6ae25463b7de7c2","contentHash":"8a2e7681bb40cc0c33cd4814e61d6405e4efa7c1adb676ef130be45cdbbf264c"},"C:\\Users\\MusaGhauri\\Desktop\\BitBytes\\musaghauri\\hr-system\\server\\helpers\\Auth.js":{"path":"C:\\Users\\MusaGhauri\\Desktop\\BitBytes\\musaghauri\\hr-system\\server\\helpers\\Auth.js","statementMap":{"0":{"start":{"line":3,"column":29},"end":{"line":3,"column":84}},"1":{"start":{"line":5,"column":0},"end":{"line":7,"column":3}},"2":{"start":{"line":8,"column":0},"end":{"line":8,"column":28}},"3":{"start":{"line":10,"column":20},"end":{"line":10,"column":67}},"4":{"start":{"line":12,"column":18},"end":{"line":12,"column":64}},"5":{"start":{"line":14,"column":16},"end":{"line":14,"column":68}},"6":{"start":{"line":16,"column":16},"end":{"line":16,"column":60}},"7":{"start":{"line":18,"column":15},"end":{"line":18,"column":66}},"8":{"start":{"line":20,"column":13},"end":{"line":20,"column":55}},"9":{"start":{"line":22,"column":12},"end":{"line":22,"column":53}},"10":{"start":{"line":24,"column":14},"end":{"line":24,"column":37}},"11":{"start":{"line":26,"column":13},"end":{"line":26,"column":38}},"12":{"start":{"line":30,"column":2},"end":{"line":77,"column":5}},"13":{"start":{"line":31,"column":4},"end":{"line":76,"column":7}},"14":{"start":{"line":36,"column":6},"end":{"line":73,"column":7}},"15":{"start":{"line":37,"column":18},"end":{"line":37,"column":113}},"16":{"start":{"line":38,"column":8},"end":{"line":41,"column":11}},"17":{"start":{"line":43,"column":8},"end":{"line":72,"column":9}},"18":{"start":{"line":44,"column":21},"end":{"line":44,"column":215}},"19":{"start":{"line":46,"column":10},"end":{"line":49,"column":13}},"20":{"start":{"line":50,"column":15},"end":{"line":72,"column":9}},"21":{"start":{"line":51,"column":22},"end":{"line":51,"column":137}},"22":{"start":{"line":53,"column":10},"end":{"line":56,"column":13}},"23":{"start":{"line":58,"column":10},"end":{"line":71,"column":13}},"24":{"start":{"line":59,"column":12},"end":{"line":68,"column":13}},"25":{"start":{"line":60,"column":14},"end":{"line":60,"column":47}},"26":{"start":{"line":62,"column":26},"end":{"line":62,"column":121}},"27":{"start":{"line":64,"column":14},"end":{"line":67,"column":17}},"28":{"start":{"line":70,"column":12},"end":{"line":70,"column":29}},"29":{"start":{"line":75,"column":6},"end":{"line":75,"column":23}},"30":{"start":{"line":81,"column":2},"end":{"line":119,"column":5}},"31":{"start":{"line":82,"column":4},"end":{"line":118,"column":7}},"32":{"start":{"line":85,"column":6},"end":{"line":115,"column":7}},"33":{"start":{"line":86,"column":8},"end":{"line":107,"column":9}},"34":{"start":{"line":87,"column":10},"end":{"line":98,"column":13}},"35":{"start":{"line":92,"column":12},"end":{"line":95,"column":15}},"36":{"start":{"line":97,"column":12},"end":{"line":97,"column":29}},"37":{"start":{"line":100,"column":10},"end":{"line":100,"column":24}},"38":{"start":{"line":102,"column":20},"end":{"line":102,"column":127}},"39":{"start":{"line":103,"column":10},"end":{"line":106,"column":13}},"40":{"start":{"line":109,"column":20},"end":{"line":109,"column":109}},"41":{"start":{"line":111,"column":8},"end":{"line":114,"column":11}},"42":{"start":{"line":117,"column":6},"end":{"line":117,"column":23}},"43":{"start":{"line":123,"column":2},"end":{"line":163,"column":5}},"44":{"start":{"line":124,"column":19},"end":{"line":124,"column":39}},"45":{"start":{"line":125,"column":26},"end":{"line":125,"column":53}},"46":{"start":{"line":126,"column":16},"end":{"line":126,"column":33}},"47":{"start":{"line":128,"column":4},"end":{"line":162,"column":5}},"48":{"start":{"line":129,"column":16},"end":{"line":129,"column":116}},"49":{"start":{"line":130,"column":6},"end":{"line":133,"column":9}},"50":{"start":{"line":135,"column":6},"end":{"line":161,"column":9}},"51":{"start":{"line":138,"column":8},"end":{"line":158,"column":9}},"52":{"start":{"line":139,"column":10},"end":{"line":150,"column":13}},"53":{"start":{"line":142,"column":12},"end":{"line":142,"column":65}},"54":{"start":{"line":145,"column":12},"end":{"line":147,"column":15}},"55":{"start":{"line":149,"column":12},"end":{"line":149,"column":29}},"56":{"start":{"line":152,"column":22},"end":{"line":152,"column":111}},"57":{"start":{"line":154,"column":10},"end":{"line":157,"column":13}},"58":{"start":{"line":160,"column":8},"end":{"line":160,"column":25}},"59":{"start":{"line":167,"column":14},"end":{"line":171,"column":30}},"60":{"start":{"line":173,"column":2},"end":{"line":178,"column":4}},"61":{"start":{"line":181,"column":15},"end":{"line":185,"column":1}},"62":{"start":{"line":186,"column":0},"end":{"line":186,"column":30}}},"fnMap":{"0":{"name":"login","decl":{"start":{"line":29,"column":9},"end":{"line":29,"column":14}},"loc":{"start":{"line":29,"column":38},"end":{"line":78,"column":1}},"line":29},"1":{"name":"(anonymous_1)","decl":{"start":{"line":30,"column":21},"end":{"line":30,"column":22}},"loc":{"start":{"line":30,"column":48},"end":{"line":77,"column":3}},"line":30},"2":{"name":"(anonymous_2)","decl":{"start":{"line":34,"column":12},"end":{"line":34,"column":13}},"loc":{"start":{"line":34,"column":28},"end":{"line":74,"column":5}},"line":34},"3":{"name":"(anonymous_3)","decl":{"start":{"line":58,"column":68},"end":{"line":58,"column":69}},"loc":{"start":{"line":58,"column":83},"end":{"line":69,"column":11}},"line":58},"4":{"name":"(anonymous_4)","decl":{"start":{"line":69,"column":22},"end":{"line":69,"column":23}},"loc":{"start":{"line":69,"column":35},"end":{"line":71,"column":11}},"line":69},"5":{"name":"(anonymous_5)","decl":{"start":{"line":74,"column":16},"end":{"line":74,"column":17}},"loc":{"start":{"line":74,"column":29},"end":{"line":76,"column":5}},"line":74},"6":{"name":"forgotPassword","decl":{"start":{"line":80,"column":9},"end":{"line":80,"column":23}},"loc":{"start":{"line":80,"column":31},"end":{"line":120,"column":1}},"line":80},"7":{"name":"(anonymous_7)","decl":{"start":{"line":81,"column":21},"end":{"line":81,"column":22}},"loc":{"start":{"line":81,"column":48},"end":{"line":119,"column":3}},"line":81},"8":{"name":"(anonymous_8)","decl":{"start":{"line":84,"column":12},"end":{"line":84,"column":13}},"loc":{"start":{"line":84,"column":28},"end":{"line":116,"column":5}},"line":84},"9":{"name":"(anonymous_9)","decl":{"start":{"line":91,"column":18},"end":{"line":91,"column":19}},"loc":{"start":{"line":91,"column":35},"end":{"line":96,"column":11}},"line":91},"10":{"name":"(anonymous_10)","decl":{"start":{"line":96,"column":22},"end":{"line":96,"column":23}},"loc":{"start":{"line":96,"column":35},"end":{"line":98,"column":11}},"line":96},"11":{"name":"(anonymous_11)","decl":{"start":{"line":116,"column":16},"end":{"line":116,"column":17}},"loc":{"start":{"line":116,"column":29},"end":{"line":118,"column":5}},"line":116},"12":{"name":"resetPassword","decl":{"start":{"line":122,"column":9},"end":{"line":122,"column":22}},"loc":{"start":{"line":122,"column":36},"end":{"line":164,"column":1}},"line":122},"13":{"name":"(anonymous_13)","decl":{"start":{"line":123,"column":21},"end":{"line":123,"column":22}},"loc":{"start":{"line":123,"column":48},"end":{"line":163,"column":3}},"line":123},"14":{"name":"(anonymous_14)","decl":{"start":{"line":137,"column":14},"end":{"line":137,"column":15}},"loc":{"start":{"line":137,"column":37},"end":{"line":159,"column":7}},"line":137},"15":{"name":"(anonymous_15)","decl":{"start":{"line":141,"column":18},"end":{"line":141,"column":19}},"loc":{"start":{"line":141,"column":41},"end":{"line":148,"column":11}},"line":141},"16":{"name":"(anonymous_16)","decl":{"start":{"line":148,"column":22},"end":{"line":148,"column":23}},"loc":{"start":{"line":148,"column":35},"end":{"line":150,"column":11}},"line":148},"17":{"name":"(anonymous_17)","decl":{"start":{"line":159,"column":18},"end":{"line":159,"column":19}},"loc":{"start":{"line":159,"column":31},"end":{"line":161,"column":7}},"line":159},"18":{"name":"getSignInResponse","decl":{"start":{"line":166,"column":9},"end":{"line":166,"column":26}},"loc":{"start":{"line":166,"column":33},"end":{"line":179,"column":1}},"line":166}},"branchMap":{"0":{"loc":{"start":{"line":36,"column":6},"end":{"line":73,"column":7}},"type":"if","locations":[{"start":{"line":36,"column":6},"end":{"line":73,"column":7}},{"start":{"line":36,"column":6},"end":{"line":73,"column":7}}],"line":36},"1":{"loc":{"start":{"line":43,"column":8},"end":{"line":72,"column":9}},"type":"if","locations":[{"start":{"line":43,"column":8},"end":{"line":72,"column":9}},{"start":{"line":43,"column":8},"end":{"line":72,"column":9}}],"line":43},"2":{"loc":{"start":{"line":50,"column":15},"end":{"line":72,"column":9}},"type":"if","locations":[{"start":{"line":50,"column":15},"end":{"line":72,"column":9}},{"start":{"line":50,"column":15},"end":{"line":72,"column":9}}],"line":50},"3":{"loc":{"start":{"line":59,"column":12},"end":{"line":68,"column":13}},"type":"if","locations":[{"start":{"line":59,"column":12},"end":{"line":68,"column":13}},{"start":{"line":59,"column":12},"end":{"line":68,"column":13}}],"line":59},"4":{"loc":{"start":{"line":85,"column":6},"end":{"line":115,"column":7}},"type":"if","locations":[{"start":{"line":85,"column":6},"end":{"line":115,"column":7}},{"start":{"line":85,"column":6},"end":{"line":115,"column":7}}],"line":85},"5":{"loc":{"start":{"line":86,"column":8},"end":{"line":107,"column":9}},"type":"if","locations":[{"start":{"line":86,"column":8},"end":{"line":107,"column":9}},{"start":{"line":86,"column":8},"end":{"line":107,"column":9}}],"line":86},"6":{"loc":{"start":{"line":128,"column":4},"end":{"line":162,"column":5}},"type":"if","locations":[{"start":{"line":128,"column":4},"end":{"line":162,"column":5}},{"start":{"line":128,"column":4},"end":{"line":162,"column":5}}],"line":128},"7":{"loc":{"start":{"line":138,"column":8},"end":{"line":158,"column":9}},"type":"if","locations":[{"start":{"line":138,"column":8},"end":{"line":158,"column":9}},{"start":{"line":138,"column":8},"end":{"line":158,"column":9}}],"line":138}},"s":{"0":1,"1":1,"2":1,"3":1,"4":1,"5":1,"6":1,"7":1,"8":1,"9":1,"10":1,"11":1,"12":0,"13":0,"14":0,"15":0,"16":0,"17":0,"18":0,"19":0,"20":0,"21":0,"22":0,"23":0,"24":0,"25":0,"26":0,"27":0,"28":0,"29":0,"30":0,"31":0,"32":0,"33":0,"34":0,"35":0,"36":0,"37":0,"38":0,"39":0,"40":0,"41":0,"42":0,"43":0,"44":0,"45":0,"46":0,"47":0,"48":0,"49":0,"50":0,"51":0,"52":0,"53":0,"54":0,"55":0,"56":0,"57":0,"58":0,"59":0,"60":0,"61":1,"62":1},"f":{"0":0,"1":0,"2":0,"3":0,"4":0,"5":0,"6":0,"7":0,"8":0,"9":0,"10":0,"11":0,"12":0,"13":0,"14":0,"15":0,"16":0,"17":0,"18":0},"b":{"0":[0,0],"1":[0,0],"2":[0,0],"3":[0,0],"4":[0,0],"5":[0,0],"6":[0,0],"7":[0,0]},"inputSourceMap":{"version":3,"sources":["Auth.js"],"names":["login","email","role","password","Promise","resolve","reject","UserHelper","GetOne","then","user","err","APIError","httpStatus","UNAUTHORIZED","status","isVerified","isActive","EncryptHelper","compare","res","getSignInResponse","e","forgotPassword","TokenHelper","Create","type","_id","token","uuid","v4","firstname","name","link","BASE_URL","resetPassword","requestBody","confirmPassword","tokenObject","UpdateById","toString","updatedUser","Remove","jwt","sign","JWT_SECRET_TOKEN"],"mappings":";;;;;;;;;AACA;;AACA;;AACA;;AACA;;AACA;;AACA;;AACA;;AAEA;;AAEA;;AAXA;AAeA,SAASA,KAAT,CAAeC,KAAf,EAAsBC,IAAtB,EAA4BC,QAA5B,EAAsC;AACpC,SAAO,IAAIC,OAAJ,CAAY,UAACC,OAAD,EAAUC,MAAV,EAAqB;AACtCC,qBAAWC,MAAX,CAAkB;AAAEP,MAAAA,KAAK,EAALA,KAAF;AAASC,MAAAA,IAAI,EAAJA;AAAT,KAAlB,EAAmCO,IAAnC,CAAwC,UAACC,IAAD,EAAU;AAAE;AAClD,UAAI,CAACA,IAAL,EAAW;AACT,YAAMC,GAAG,GAAG,IAAIC,oBAAJ,CAAa,gCAAb,EAA+CC,uBAAWC,YAA1D,CAAZ;AACA,eAAOR,MAAM,CAAC;AACZS,UAAAA,MAAM,EAAEF,uBAAWC,YADP;AAEZH,UAAAA,GAAG,EAAHA;AAFY,SAAD,CAAb;AAID,OAND,MAOK;AACH,YAAG,CAACD,IAAI,CAACM,UAAT,EAAqB;AACnB,cAAML,IAAG,GAAG,IAAIC,oBAAJ,CAAa,mIAAb,EAAkJC,uBAAWC,YAA7J,CAAZ;;AACAR,UAAAA,MAAM,CAAC;AACHS,YAAAA,MAAM,EAAEF,uBAAWC,YADhB;AAEHH,YAAAA,GAAG,EAAHA;AAFG,WAAD,CAAN;AAID,SAND,MAMO,IAAG,CAACD,IAAI,CAACO,QAAT,EAAmB;AACxB,cAAMN,KAAG,GAAG,IAAIC,oBAAJ,CAAa,oDAAb,EAAmEC,uBAAWC,YAA9E,CAAZ;;AACAR,UAAAA,MAAM,CAAC;AACHS,YAAAA,MAAM,EAAEF,uBAAWC,YADhB;AAEHH,YAAAA,GAAG,EAAHA;AAFG,WAAD,CAAN;AAID,SANM,MAMA;AACLO,8BAAcC,OAAd,CAAsBhB,QAAtB,EAAgCO,IAAI,CAACP,QAArC,EAA+CM,IAA/C,CAAoD,UAACW,GAAD,EAAS;AAC3D,gBAAGA,GAAH,EAAQ;AACNf,cAAAA,OAAO,CAACgB,iBAAiB,CAACX,IAAD,CAAlB,CAAP;AACD,aAFD,MAEM;AACF,kBAAMC,KAAG,GAAG,IAAIC,oBAAJ,CAAa,gCAAb,EAA+CC,uBAAWC,YAA1D,CAAZ;;AACAR,cAAAA,MAAM,CAAC;AACHS,gBAAAA,MAAM,EAAEF,uBAAWC,YADhB;AAEHH,gBAAAA,GAAG,EAAHA;AAFG,eAAD,CAAN;AAIH;AACF,WAVD,WAWO,UAAAW,CAAC;AAAA,mBAAIhB,MAAM,CAACgB,CAAD,CAAV;AAAA,WAXR;AAYD;AACF;AACF,KApCD,WAqCO,UAAAA,CAAC;AAAA,aAAIhB,MAAM,CAACgB,CAAD,CAAV;AAAA,KArCR;AAsCD,GAvCM,CAAP;AAwCD;;AAED,SAASC,cAAT,CAAwBtB,KAAxB,EAA+B;AAC7B,SAAO,IAAIG,OAAJ,CAAY,UAACC,OAAD,EAAUC,MAAV,EAAqB;AACtCC,qBAAWC,MAAX,CAAkB;AAAEP,MAAAA,KAAK,EAALA;AAAF,KAAlB,EACGQ,IADH,CACQ,UAAAC,IAAI,EAAI;AACZ,UAAG,CAAC,CAACA,IAAL,EAAW;AACT,YAAGA,IAAI,CAACM,UAAR,EAAmB;AACjBQ,4BAAYC,MAAZ,CAAmB;AAAEC,YAAAA,IAAI,EAAE,gBAAR;AAA0BhB,YAAAA,IAAI,EAAEA,IAAI,CAACiB,GAArC;AAA0CC,YAAAA,KAAK,EAAEC,qBAAKC,EAAL;AAAjD,WAAnB,EACGrB,IADH,CACQ,UAAAmB,KAAK,EAAI;AACb,2CAAmBlB,IAAI,CAACT,KAAxB,EAA+B,yBAA/B,EAA0D;AAAE8B,cAAAA,SAAS,EAAErB,IAAI,CAACsB,IAAlB;AAAwBC,cAAAA,IAAI,YAAKC,gBAAL,6BAAgCN,KAAK,CAACA,KAAtC;AAA5B,aAA1D;AACD,WAHH,WAIS,UAAAN,CAAC;AAAA,mBAAIhB,MAAM,CAACgB,CAAD,CAAV;AAAA,WAJV;;AAKAjB,UAAAA,OAAO,CAAC,IAAD,CAAP;AACD,SAPD,MAOO;AACL,cAAMM,GAAG,GAAG,IAAIC,oBAAJ,CAAa,4CAAb,EAA2DC,uBAAWC,YAAtE,CAAZ;AACAR,UAAAA,MAAM,CAAC;AACHS,YAAAA,MAAM,EAAEF,uBAAWC,YADhB;AAEHH,YAAAA,GAAG,EAAHA;AAFG,WAAD,CAAN;AAID;AACF,OAfD,MAeO;AACL,YAAMA,KAAG,GAAG,IAAIC,oBAAJ,CAAa,0BAAb,EAAyCC,uBAAWC,YAApD,CAAZ;;AACAR,QAAAA,MAAM,CAAC;AACHS,UAAAA,MAAM,EAAEF,uBAAWC,YADhB;AAEHH,UAAAA,GAAG,EAAHA;AAFG,SAAD,CAAN;AAID;AACF,KAxBH,WAyBS,UAAAW,CAAC;AAAA,aAAIhB,MAAM,CAACgB,CAAD,CAAV;AAAA,KAzBV;AA0BD,GA3BM,CAAP;AA4BD;;AAED,SAASa,aAAT,CAAuBC,WAAvB,EAAoC;AAClC,SAAO,IAAIhC,OAAJ,CAAY,UAACC,OAAD,EAAUC,MAAV,EAAqB;AAAA,QAC9BH,QAD8B,GACOiC,WADP,CAC9BjC,QAD8B;AAAA,QACpBkC,eADoB,GACOD,WADP,CACpBC,eADoB;AAAA,QACHT,KADG,GACOQ,WADP,CACHR,KADG;;AAEtC,QAAGzB,QAAQ,KAAKkC,eAAhB,EAAiC;AAC/B,UAAM1B,GAAG,GAAG,IAAIC,oBAAJ,CAAa,qCAAb,EAAoDC,uBAAWC,YAA/D,CAAZ;AACAR,MAAAA,MAAM,CAAC;AACHS,QAAAA,MAAM,EAAEF,uBAAWC,YADhB;AAEHH,QAAAA,GAAG,EAAHA;AAFG,OAAD,CAAN;AAID,KAND,MAMO;AACLa,wBAAYhB,MAAZ,CAAmB;AAAEoB,QAAAA,KAAK,EAALA;AAAF,OAAnB,EACGnB,IADH,CACQ,UAAA6B,WAAW,EAAI;AACnB,YAAG,CAAC,CAACA,WAAL,EAAkB;AAChB/B,2BAAWgC,UAAX,CAAsBD,WAAW,CAAC5B,IAAZ,CAAiB8B,QAAjB,EAAtB,EAAmD;AAAErC,YAAAA,QAAQ,EAARA;AAAF,WAAnD,EACGM,IADH,CACQ,UAAAgC,WAAW,EAAI;AACnBjB,8BAAYkB,MAAZ,CAAmBJ,WAAW,CAACX,GAAZ,CAAgBa,QAAhB,EAAnB,EADmB,CAC6B;;;AAChDnC,YAAAA,OAAO,CAAC;AAAEU,cAAAA,MAAM,EAAE;AAAV,aAAD,CAAP;AACD,WAJH,WAKS,UAAAO,CAAC;AAAA,mBAAIhB,MAAM,CAACgB,CAAD,CAAV;AAAA,WALV;AAMD,SAPD,MAOO;AACL,cAAMX,KAAG,GAAG,IAAIC,oBAAJ,CAAa,0BAAb,EAAyCC,uBAAWC,YAApD,CAAZ;;AACAR,UAAAA,MAAM,CAAC;AACHS,YAAAA,MAAM,EAAEF,uBAAWC,YADhB;AAEHH,YAAAA,GAAG,EAAHA;AAFG,WAAD,CAAN;AAID;AACF,OAhBH,WAiBS,UAAAW,CAAC;AAAA,eAAIhB,MAAM,CAACgB,CAAD,CAAV;AAAA,OAjBV;AAkBC;AACJ,GA5BM,CAAP;AA6BD;;AAGD,SAASD,iBAAT,CAA2BX,IAA3B,EAAiC;AAC/B,MAAMkB,KAAK,GAAGe,yBAAIC,IAAJ,CAAS;AACrB1C,IAAAA,IAAI,EAAEQ,IAAI,CAACR,IADU;AAErB8B,IAAAA,IAAI,EAAEtB,IAAI,CAACsB,IAFU;AAGrBL,IAAAA,GAAG,EAAEjB,IAAI,CAACiB;AAHW,GAAT,EAIXkB,wBAJW,CAAd;;AAKA,SAAO;AACLjB,IAAAA,KAAK,EAALA,KADK;AAEL1B,IAAAA,IAAI,EAAEQ,IAAI,CAACR,IAFN;AAGLyB,IAAAA,GAAG,EAAEjB,IAAI,CAACiB,GAHL;AAILK,IAAAA,IAAI,EAAEtB,IAAI,CAACsB;AAJN,GAAP;AAMD;;eAGc;AAAEhC,EAAAA,KAAK,EAALA,KAAF;AAASuB,EAAAA,cAAc,EAAdA,cAAT;AAAyBY,EAAAA,aAAa,EAAbA;AAAzB,C","sourceRoot":"C:\\Users\\MusaGhauri\\Desktop\\BitBytes\\musaghauri\\hr-system\\server\\helpers\\","sourcesContent":["/* eslint-disable */\r\nimport jwt from 'jsonwebtoken';\r\nimport httpStatus from 'http-status';\r\nimport APIError from './common/APIError';\r\nimport uuid from 'node-uuid';\r\nimport EncryptHelper from './common/encrypt';\r\nimport TokenHelper from './Token';\r\nimport UserHelper from './User';\r\n\r\nimport { JWT_SECRET_TOKEN, BASE_URL } from '@config';\r\n\r\nimport {\r\n  SendTemplatedEmail\r\n} from './common/email';\r\n\r\nfunction login(email, role, password) {\r\n  return new Promise((resolve, reject) => {\r\n    UserHelper.GetOne({ email, role }).then((user) => { //, isVerified: true \r\n      if (!user) {\r\n        const err = new APIError('Incorrect username or password', httpStatus.UNAUTHORIZED);\r\n        return reject({\r\n          status: httpStatus.UNAUTHORIZED,\r\n          err,\r\n        });\r\n      }\r\n      else {\r\n        if(!user.isVerified) {\r\n          const err = new APIError('Check your email! Just one more step for registration! Please activate your account via the link in the email we just sent to you', httpStatus.UNAUTHORIZED);\r\n          reject({\r\n              status: httpStatus.UNAUTHORIZED,\r\n              err\r\n          });\r\n        } else if(!user.isActive) {\r\n          const err = new APIError('This account is not active. Please contact support', httpStatus.UNAUTHORIZED);\r\n          reject({\r\n              status: httpStatus.UNAUTHORIZED,\r\n              err\r\n          });\r\n        } else {\r\n          EncryptHelper.compare(password, user.password).then((res) => {\r\n            if(res) {\r\n              resolve(getSignInResponse(user));\r\n            } else{\r\n                const err = new APIError('Incorrect username or password', httpStatus.UNAUTHORIZED);\r\n                reject({\r\n                    status: httpStatus.UNAUTHORIZED,\r\n                    err\r\n                });\r\n            }\r\n          })\r\n          .catch(e => reject(e));\r\n        }\r\n      }\r\n    })\r\n    .catch(e => reject(e));\r\n  });\r\n}\r\n\r\nfunction forgotPassword(email) {\r\n  return new Promise((resolve, reject) => {\r\n    UserHelper.GetOne({ email })\r\n      .then(user => {\r\n        if(!!user) {\r\n          if(user.isVerified){\r\n            TokenHelper.Create({ type: 'reset-password', user: user._id, token: uuid.v4()  })\r\n              .then(token => {\r\n                SendTemplatedEmail(user.email, 'reset-password-template', { firstname: user.name, link: `${BASE_URL}/reset-password/${token.token}` })\r\n              })\r\n              .catch(e => reject(e));\r\n            resolve(true);\r\n          } else {\r\n            const err = new APIError('You can\\'t reset password for this account', httpStatus.UNAUTHORIZED);\r\n            reject({\r\n                status: httpStatus.UNAUTHORIZED,\r\n                err\r\n            });\r\n          }\r\n        } else {\r\n          const err = new APIError('This user doesn\\'t exist', httpStatus.UNAUTHORIZED);\r\n          reject({\r\n              status: httpStatus.UNAUTHORIZED,\r\n              err\r\n          });\r\n        }\r\n      })\r\n      .catch(e => reject(e));\r\n  });\r\n}\r\n\r\nfunction resetPassword(requestBody) {\r\n  return new Promise((resolve, reject) => {\r\n    const { password, confirmPassword, token } = requestBody;\r\n    if(password !== confirmPassword) {\r\n      const err = new APIError('The provided passwords do not match', httpStatus.UNAUTHORIZED);\r\n      reject({\r\n          status: httpStatus.UNAUTHORIZED,\r\n          err\r\n      });\r\n    } else {\r\n      TokenHelper.GetOne({ token })\r\n        .then(tokenObject => {\r\n          if(!!tokenObject) {\r\n            UserHelper.UpdateById(tokenObject.user.toString(), { password })\r\n              .then(updatedUser => {\r\n                TokenHelper.Remove(tokenObject._id.toString()); // Then delete the token\r\n                resolve({ status: true });\r\n              })\r\n              .catch(e => reject(e));\r\n          } else {\r\n            const err = new APIError('This link is not working', httpStatus.UNAUTHORIZED);\r\n            reject({\r\n                status: httpStatus.UNAUTHORIZED,\r\n                err\r\n            });\r\n          }\r\n        })\r\n        .catch(e => reject(e));\r\n      }\r\n  });\r\n}\r\n\r\n\r\nfunction getSignInResponse(user) {\r\n  const token = jwt.sign({\r\n    role: user.role,\r\n    name: user.name,\r\n    _id: user._id,\r\n  }, JWT_SECRET_TOKEN);\r\n  return {\r\n    token,\r\n    role: user.role,\r\n    _id: user._id,\r\n    name: user.name,\r\n  };\r\n}\r\n\r\n\r\nexport default { login, forgotPassword, resetPassword };\r\n"]},"_coverageSchema":"1a1c01bbd47fc00a2c39e90264f33305004495a9","hash":"056e94f8fa18a66c6ba96ebdd1a7f3b6c37235e3","contentHash":"31150e0f739d8d39915298694d7734713a81f3c502a67ac8aa582d6321c90a4b"},"C:\\Users\\MusaGhauri\\Desktop\\BitBytes\\musaghauri\\hr-system\\server\\helpers\\common\\APIError.js":{"path":"C:\\Users\\MusaGhauri\\Desktop\\BitBytes\\musaghauri\\hr-system\\server\\helpers\\common\\APIError.js","statementMap":{"0":{"start":{"line":3,"column":29},"end":{"line":3,"column":84}},"1":{"start":{"line":5,"column":0},"end":{"line":7,"column":3}},"2":{"start":{"line":8,"column":0},"end":{"line":8,"column":28}},"3":{"start":{"line":10,"column":23},"end":{"line":10,"column":95}},"4":{"start":{"line":12,"column":30},"end":{"line":12,"column":109}},"5":{"start":{"line":14,"column":34},"end":{"line":14,"column":117}},"6":{"start":{"line":16,"column":23},"end":{"line":16,"column":95}},"7":{"start":{"line":18,"column":17},"end":{"line":18,"column":83}},"8":{"start":{"line":20,"column":24},"end":{"line":20,"column":97}},"9":{"start":{"line":22,"column":18},"end":{"line":22,"column":64}},"10":{"start":{"line":24,"column":33},"end":{"line":24,"column":395}},"11":{"start":{"line":24,"column":66},"end":{"line":24,"column":107}},"12":{"start":{"line":24,"column":117},"end":{"line":24,"column":326}},"13":{"start":{"line":24,"column":168},"end":{"line":24,"column":218}},"14":{"start":{"line":24,"column":220},"end":{"line":24,"column":276}},"15":{"start":{"line":24,"column":286},"end":{"line":24,"column":324}},"16":{"start":{"line":24,"column":327},"end":{"line":24,"column":392}},"17":{"start":{"line":26,"column":39},"end":{"line":26,"column":110}},"18":{"start":{"line":26,"column":97},"end":{"line":26,"column":110}},"19":{"start":{"line":26,"column":111},"end":{"line":26,"column":152}},"20":{"start":{"line":26,"column":139},"end":{"line":26,"column":152}},"21":{"start":{"line":26,"column":153},"end":{"line":26,"column":198}},"22":{"start":{"line":26,"column":186},"end":{"line":26,"column":198}},"23":{"start":{"line":26,"column":199},"end":{"line":26,"column":322}},"24":{"start":{"line":26,"column":205},"end":{"line":26,"column":279}},"25":{"start":{"line":26,"column":280},"end":{"line":26,"column":292}},"26":{"start":{"line":26,"column":307},"end":{"line":26,"column":320}},"27":{"start":{"line":31,"column":35},"end":{"line":52,"column":57}},"28":{"start":{"line":32,"column":2},"end":{"line":32,"column":54}},"29":{"start":{"line":34,"column":15},"end":{"line":34,"column":44}},"30":{"start":{"line":39,"column":4},"end":{"line":39,"column":60}},"31":{"start":{"line":40,"column":4},"end":{"line":40,"column":39}},"32":{"start":{"line":41,"column":4},"end":{"line":41,"column":40}},"33":{"start":{"line":42,"column":4},"end":{"line":42,"column":32}},"34":{"start":{"line":43,"column":4},"end":{"line":43,"column":26}},"35":{"start":{"line":44,"column":4},"end":{"line":44,"column":30}},"36":{"start":{"line":45,"column":4},"end":{"line":45,"column":31}},"37":{"start":{"line":47,"column":4},"end":{"line":47,"column":100}},"38":{"start":{"line":48,"column":4},"end":{"line":48,"column":17}},"39":{"start":{"line":51,"column":2},"end":{"line":51,"column":25}},"40":{"start":{"line":59,"column":28},"end":{"line":78,"column":18}},"41":{"start":{"line":60,"column":2},"end":{"line":60,"column":57}},"42":{"start":{"line":62,"column":16},"end":{"line":62,"column":38}},"43":{"start":{"line":71,"column":17},"end":{"line":71,"column":129}},"44":{"start":{"line":72,"column":19},"end":{"line":72,"column":92}},"45":{"start":{"line":73,"column":4},"end":{"line":73,"column":53}},"46":{"start":{"line":74,"column":4},"end":{"line":74,"column":57}},"47":{"start":{"line":77,"column":2},"end":{"line":77,"column":18}},"48":{"start":{"line":80,"column":15},"end":{"line":80,"column":23}},"49":{"start":{"line":81,"column":0},"end":{"line":81,"column":30}}},"fnMap":{"0":{"name":"_createSuper","decl":{"start":{"line":24,"column":9},"end":{"line":24,"column":21}},"loc":{"start":{"line":24,"column":31},"end":{"line":24,"column":397}},"line":24},"1":{"name":"(anonymous_1)","decl":{"start":{"line":24,"column":40},"end":{"line":24,"column":41}},"loc":{"start":{"line":24,"column":52},"end":{"line":24,"column":394}},"line":24},"2":{"name":"_isNativeReflectConstruct","decl":{"start":{"line":26,"column":9},"end":{"line":26,"column":34}},"loc":{"start":{"line":26,"column":37},"end":{"line":26,"column":324}},"line":26},"3":{"name":"(anonymous_3)","decl":{"start":{"line":26,"column":262},"end":{"line":26,"column":263}},"loc":{"start":{"line":26,"column":274},"end":{"line":26,"column":276}},"line":26},"4":{"name":"(anonymous_4)","decl":{"start":{"line":31,"column":35},"end":{"line":31,"column":36}},"loc":{"start":{"line":31,"column":53},"end":{"line":52,"column":1}},"line":31},"5":{"name":"ExtendableError","decl":{"start":{"line":36,"column":11},"end":{"line":36,"column":26}},"loc":{"start":{"line":36,"column":54},"end":{"line":49,"column":3}},"line":36},"6":{"name":"(anonymous_6)","decl":{"start":{"line":59,"column":28},"end":{"line":59,"column":29}},"loc":{"start":{"line":59,"column":56},"end":{"line":78,"column":1}},"line":59},"7":{"name":"APIError","decl":{"start":{"line":70,"column":11},"end":{"line":70,"column":19}},"loc":{"start":{"line":70,"column":29},"end":{"line":75,"column":3}},"line":70}},"branchMap":{"0":{"loc":{"start":{"line":24,"column":117},"end":{"line":24,"column":326}},"type":"if","locations":[{"start":{"line":24,"column":117},"end":{"line":24,"column":326}},{"start":{"line":24,"column":117},"end":{"line":24,"column":326}}],"line":24},"1":{"loc":{"start":{"line":26,"column":39},"end":{"line":26,"column":110}},"type":"if","locations":[{"start":{"line":26,"column":39},"end":{"line":26,"column":110}},{"start":{"line":26,"column":39},"end":{"line":26,"column":110}}],"line":26},"2":{"loc":{"start":{"line":26,"column":43},"end":{"line":26,"column":95}},"type":"binary-expr","locations":[{"start":{"line":26,"column":43},"end":{"line":26,"column":73}},{"start":{"line":26,"column":77},"end":{"line":26,"column":95}}],"line":26},"3":{"loc":{"start":{"line":26,"column":111},"end":{"line":26,"column":152}},"type":"if","locations":[{"start":{"line":26,"column":111},"end":{"line":26,"column":152}},{"start":{"line":26,"column":111},"end":{"line":26,"column":152}}],"line":26},"4":{"loc":{"start":{"line":26,"column":153},"end":{"line":26,"column":198}},"type":"if","locations":[{"start":{"line":26,"column":153},"end":{"line":26,"column":198}},{"start":{"line":26,"column":153},"end":{"line":26,"column":198}}],"line":26},"5":{"loc":{"start":{"line":71,"column":17},"end":{"line":71,"column":129}},"type":"cond-expr","locations":[{"start":{"line":71,"column":70},"end":{"line":71,"column":82}},{"start":{"line":71,"column":85},"end":{"line":71,"column":129}}],"line":71},"6":{"loc":{"start":{"line":71,"column":17},"end":{"line":71,"column":67}},"type":"binary-expr","locations":[{"start":{"line":71,"column":17},"end":{"line":71,"column":37}},{"start":{"line":71,"column":41},"end":{"line":71,"column":67}}],"line":71},"7":{"loc":{"start":{"line":72,"column":19},"end":{"line":72,"column":92}},"type":"cond-expr","locations":[{"start":{"line":72,"column":72},"end":{"line":72,"column":84}},{"start":{"line":72,"column":87},"end":{"line":72,"column":92}}],"line":72},"8":{"loc":{"start":{"line":72,"column":19},"end":{"line":72,"column":69}},"type":"binary-expr","locations":[{"start":{"line":72,"column":19},"end":{"line":72,"column":39}},{"start":{"line":72,"column":43},"end":{"line":72,"column":69}}],"line":72}},"s":{"0":1,"1":1,"2":1,"3":1,"4":1,"5":1,"6":1,"7":1,"8":1,"9":1,"10":2,"11":0,"12":0,"13":0,"14":0,"15":0,"16":0,"17":0,"18":0,"19":0,"20":0,"21":0,"22":0,"23":0,"24":0,"25":0,"26":0,"27":1,"28":1,"29":1,"30":0,"31":0,"32":0,"33":0,"34":0,"35":0,"36":0,"37":0,"38":0,"39":1,"40":1,"41":1,"42":1,"43":0,"44":0,"45":0,"46":0,"47":1,"48":1,"49":1},"f":{"0":2,"1":0,"2":0,"3":0,"4":1,"5":0,"6":1,"7":0},"b":{"0":[0,0],"1":[0,0],"2":[0,0],"3":[0,0],"4":[0,0],"5":[0,0],"6":[0,0],"7":[0,0],"8":[0,0]},"inputSourceMap":{"version":3,"sources":["APIError.js"],"names":["ExtendableError","message","status","isPublic","name","constructor","messageText","isOperational","Error","captureStackTrace","APIError","httpStatus","INTERNAL_SERVER_ERROR"],"mappings":";;;;;;;;;;;;;;;;;;;;;AACA;;;;;;AAEA;;;IAGMA,e;;;;;AACJ,2BAAYC,OAAZ,EAAqBC,MAArB,EAA6BC,QAA7B,EAAuC;AAAA;;AAAA;AACrC,8BAAMF,OAAN;AACA,UAAKG,IAAL,GAAY,MAAKC,WAAL,CAAiBD,IAA7B;AACA,UAAKE,WAAL,GAAmBL,OAAnB;AACA,UAAKC,MAAL,GAAcA,MAAd;AACA,UAAKC,QAAL,GAAgBA,QAAhB;AACA,UAAKI,aAAL,GAAqB,IAArB,CANqC,CAMV;;AAC3BC,IAAAA,KAAK,CAACC,iBAAN,iDAA8B,MAAKJ,WAAL,CAAiBD,IAA/C;AAPqC;AAQtC;;;kDAT2BI,K;AAY9B;;;;;;IAIME,Q;;;;;AACJ;;;;;;AAMA,oBACET,OADF,EAIE;AAAA,QAFAC,MAEA,uEAFSS,uBAAWC,qBAEpB;AAAA,QADAT,QACA,uEADW,KACX;AAAA;AAAA,8BACMF,OADN,EACeC,MADf,EACuBC,QADvB;AAED;;;EAboBH,e;;eAgBRU,Q","sourceRoot":"C:\\Users\\MusaGhauri\\Desktop\\BitBytes\\musaghauri\\hr-system\\server\\helpers\\common\\","sourcesContent":["/* eslint-disable max-classes-per-file */\r\nimport httpStatus from 'http-status';\r\n\r\n/**\r\n * @extends Error\r\n */\r\nclass ExtendableError extends Error {\r\n  constructor(message, status, isPublic) {\r\n    super(message);\r\n    this.name = this.constructor.name;\r\n    this.messageText = message;\r\n    this.status = status;\r\n    this.isPublic = isPublic;\r\n    this.isOperational = true; // This is required since bluebird 4 doesn't append it anymore.\r\n    Error.captureStackTrace(this, this.constructor.name);\r\n  }\r\n}\r\n\r\n/**\r\n * Class representing an API error.\r\n * @extends ExtendableError\r\n */\r\nclass APIError extends ExtendableError {\r\n  /**\r\n   * Creates an API error.\r\n   * @param {string} message - Error message.\r\n   * @param {number} status - HTTP status code of error.\r\n   * @param {boolean} isPublic - Whether the message should be visible to user or not.\r\n   */\r\n  constructor(\r\n    message,\r\n    status = httpStatus.INTERNAL_SERVER_ERROR,\r\n    isPublic = false\r\n  ) {\r\n    super(message, status, isPublic);\r\n  }\r\n}\r\n\r\nexport default APIError;\r\n"]},"_coverageSchema":"1a1c01bbd47fc00a2c39e90264f33305004495a9","hash":"5e1b0800f63c31c3d11ec53f5ab3ff7f8ece114b","contentHash":"429baa2523e5cad9581b88fc02f2946959879e3e0faa3e786c200500029aa0ad"},"C:\\Users\\MusaGhauri\\Desktop\\BitBytes\\musaghauri\\hr-system\\server\\helpers\\common\\encrypt.js":{"path":"C:\\Users\\MusaGhauri\\Desktop\\BitBytes\\musaghauri\\hr-system\\server\\helpers\\common\\encrypt.js","statementMap":{"0":{"start":{"line":3,"column":29},"end":{"line":3,"column":84}},"1":{"start":{"line":5,"column":0},"end":{"line":7,"column":3}},"2":{"start":{"line":8,"column":0},"end":{"line":8,"column":28}},"3":{"start":{"line":10,"column":16},"end":{"line":10,"column":59}},"4":{"start":{"line":12,"column":17},"end":{"line":12,"column":19}},"5":{"start":{"line":15,"column":13},"end":{"line":15,"column":88}},"6":{"start":{"line":16,"column":2},"end":{"line":24,"column":5}},"7":{"start":{"line":17,"column":4},"end":{"line":23,"column":7}},"8":{"start":{"line":18,"column":6},"end":{"line":20,"column":7}},"9":{"start":{"line":19,"column":8},"end":{"line":19,"column":22}},"10":{"start":{"line":22,"column":6},"end":{"line":22,"column":18}},"11":{"start":{"line":28,"column":2},"end":{"line":36,"column":5}},"12":{"start":{"line":29,"column":4},"end":{"line":35,"column":7}},"13":{"start":{"line":30,"column":6},"end":{"line":32,"column":7}},"14":{"start":{"line":31,"column":8},"end":{"line":31,"column":21}},"15":{"start":{"line":34,"column":6},"end":{"line":34,"column":18}},"16":{"start":{"line":39,"column":15},"end":{"line":42,"column":1}},"17":{"start":{"line":43,"column":0},"end":{"line":43,"column":30}}},"fnMap":{"0":{"name":"encrypt","decl":{"start":{"line":14,"column":9},"end":{"line":14,"column":16}},"loc":{"start":{"line":14,"column":19},"end":{"line":25,"column":1}},"line":14},"1":{"name":"(anonymous_1)","decl":{"start":{"line":16,"column":21},"end":{"line":16,"column":22}},"loc":{"start":{"line":16,"column":48},"end":{"line":24,"column":3}},"line":16},"2":{"name":"(anonymous_2)","decl":{"start":{"line":17,"column":48},"end":{"line":17,"column":49}},"loc":{"start":{"line":17,"column":69},"end":{"line":23,"column":5}},"line":17},"3":{"name":"compare","decl":{"start":{"line":27,"column":9},"end":{"line":27,"column":16}},"loc":{"start":{"line":27,"column":29},"end":{"line":37,"column":1}},"line":27},"4":{"name":"(anonymous_4)","decl":{"start":{"line":28,"column":21},"end":{"line":28,"column":22}},"loc":{"start":{"line":28,"column":48},"end":{"line":36,"column":3}},"line":28},"5":{"name":"(anonymous_5)","decl":{"start":{"line":29,"column":45},"end":{"line":29,"column":46}},"loc":{"start":{"line":29,"column":65},"end":{"line":35,"column":5}},"line":29}},"branchMap":{"0":{"loc":{"start":{"line":15,"column":13},"end":{"line":15,"column":88}},"type":"cond-expr","locations":[{"start":{"line":15,"column":66},"end":{"line":15,"column":78}},{"start":{"line":15,"column":81},"end":{"line":15,"column":88}}],"line":15},"1":{"loc":{"start":{"line":15,"column":13},"end":{"line":15,"column":63}},"type":"binary-expr","locations":[{"start":{"line":15,"column":13},"end":{"line":15,"column":33}},{"start":{"line":15,"column":37},"end":{"line":15,"column":63}}],"line":15},"2":{"loc":{"start":{"line":18,"column":6},"end":{"line":20,"column":7}},"type":"if","locations":[{"start":{"line":18,"column":6},"end":{"line":20,"column":7}},{"start":{"line":18,"column":6},"end":{"line":20,"column":7}}],"line":18},"3":{"loc":{"start":{"line":30,"column":6},"end":{"line":32,"column":7}},"type":"if","locations":[{"start":{"line":30,"column":6},"end":{"line":32,"column":7}},{"start":{"line":30,"column":6},"end":{"line":32,"column":7}}],"line":30}},"s":{"0":1,"1":1,"2":1,"3":1,"4":1,"5":0,"6":0,"7":0,"8":0,"9":0,"10":0,"11":0,"12":0,"13":0,"14":0,"15":0,"16":1,"17":1},"f":{"0":0,"1":0,"2":0,"3":0,"4":0,"5":0},"b":{"0":[0,0],"1":[0,0],"2":[0,0],"3":[0,0]},"inputSourceMap":{"version":3,"sources":["encrypt.js"],"names":["saltRounds","encrypt","data","Promise","resolve","reject","bcrypt","hash","err","compare","res"],"mappings":";;;;;;;;;AAAA;;AAEA,IAAMA,UAAU,GAAG,EAAnB;;AAEA,SAASC,OAAT,GAAiC;AAAA,MAAhBC,IAAgB,uEAAT,OAAS;AAC/B,SAAO,IAAIC,OAAJ,CAAY,UAACC,OAAD,EAAUC,MAAV,EAAqB;AACtCC,yBAAOC,IAAP,CAAYL,IAAZ,EAAkBF,UAAlB,EAA8B,UAACQ,GAAD,EAAMD,IAAN,EAAe;AAC3C,UAAI,CAACC,GAAL,EAAU;AACRJ,QAAAA,OAAO,CAACG,IAAD,CAAP;AACD;;AACDF,MAAAA,MAAM,CAACG,GAAD,CAAN;AACD,KALD;AAMD,GAPM,CAAP;AAQD;;AAED,SAASC,OAAT,CAAiBP,IAAjB,EAAuBK,IAAvB,EAA6B;AAC3B,SAAO,IAAIJ,OAAJ,CAAY,UAACC,OAAD,EAAUC,MAAV,EAAqB;AACtCC,yBAAOG,OAAP,CAAeP,IAAf,EAAqBK,IAArB,EAA2B,UAACC,GAAD,EAAME,GAAN,EAAc;AACvC,UAAI,CAACF,GAAL,EAAU;AACRJ,QAAAA,OAAO,CAACM,GAAD,CAAP;AACD;;AACDL,MAAAA,MAAM,CAACG,GAAD,CAAN;AACD,KALD;AAMD,GAPM,CAAP;AAQD;;eAEc;AAAEP,EAAAA,OAAO,EAAPA,OAAF;AAAWQ,EAAAA,OAAO,EAAPA;AAAX,C","sourceRoot":"C:\\Users\\MusaGhauri\\Desktop\\BitBytes\\musaghauri\\hr-system\\server\\helpers\\common\\","sourcesContent":["import bcrypt from 'bcryptjs';\r\n\r\nconst saltRounds = 10;\r\n\r\nfunction encrypt(data = 'dummy') {\r\n  return new Promise((resolve, reject) => {\r\n    bcrypt.hash(data, saltRounds, (err, hash) => {\r\n      if (!err) {\r\n        resolve(hash);\r\n      }\r\n      reject(err);\r\n    });\r\n  });\r\n}\r\n\r\nfunction compare(data, hash) {\r\n  return new Promise((resolve, reject) => {\r\n    bcrypt.compare(data, hash, (err, res) => {\r\n      if (!err) {\r\n        resolve(res);\r\n      }\r\n      reject(err);\r\n    });\r\n  });\r\n}\r\n\r\nexport default { encrypt, compare };\r\n"]},"_coverageSchema":"1a1c01bbd47fc00a2c39e90264f33305004495a9","hash":"8ffc92ff2fd91f68ad64b233a456977fb18dc122","contentHash":"a0144041571a7d208232432ce1f7f978882f5cd81f694dc77e3ecedf59891c8c"},"C:\\Users\\MusaGhauri\\Desktop\\BitBytes\\musaghauri\\hr-system\\server\\helpers\\Token.js":{"path":"C:\\Users\\MusaGhauri\\Desktop\\BitBytes\\musaghauri\\hr-system\\server\\helpers\\Token.js","statementMap":{"0":{"start":{"line":3,"column":29},"end":{"line":3,"column":84}},"1":{"start":{"line":5,"column":0},"end":{"line":7,"column":3}},"2":{"start":{"line":8,"column":0},"end":{"line":8,"column":28}},"3":{"start":{"line":10,"column":13},"end":{"line":10,"column":63}},"4":{"start":{"line":12,"column":13},"end":{"line":12,"column":62}},"5":{"start":{"line":14,"column":12},"end":{"line":14,"column":60}},"6":{"start":{"line":17,"column":18},"end":{"line":17,"column":58}},"7":{"start":{"line":18,"column":19},"end":{"line":18,"column":30}},"8":{"start":{"line":19,"column":11},"end":{"line":19,"column":67}},"9":{"start":{"line":22,"column":17},"end":{"line":22,"column":93}},"10":{"start":{"line":23,"column":2},"end":{"line":23,"column":36}},"11":{"start":{"line":27,"column":17},"end":{"line":27,"column":93}},"12":{"start":{"line":28,"column":2},"end":{"line":28,"column":38}},"13":{"start":{"line":32,"column":13},"end":{"line":32,"column":85}},"14":{"start":{"line":33,"column":2},"end":{"line":33,"column":51}},"15":{"start":{"line":37,"column":13},"end":{"line":37,"column":85}},"16":{"start":{"line":38,"column":2},"end":{"line":38,"column":57}},"17":{"start":{"line":42,"column":13},"end":{"line":42,"column":85}},"18":{"start":{"line":43,"column":2},"end":{"line":45,"column":5}},"19":{"start":{"line":44,"column":4},"end":{"line":44,"column":49}},"20":{"start":{"line":49,"column":13},"end":{"line":49,"column":85}},"21":{"start":{"line":50,"column":2},"end":{"line":53,"column":11}},"22":{"start":{"line":57,"column":13},"end":{"line":57,"column":85}},"23":{"start":{"line":58,"column":2},"end":{"line":58,"column":31}},"24":{"start":{"line":61,"column":15},"end":{"line":69,"column":1}},"25":{"start":{"line":70,"column":0},"end":{"line":70,"column":30}}},"fnMap":{"0":{"name":"GetById","decl":{"start":{"line":21,"column":9},"end":{"line":21,"column":16}},"loc":{"start":{"line":21,"column":21},"end":{"line":24,"column":1}},"line":21},"1":{"name":"GetOne","decl":{"start":{"line":26,"column":9},"end":{"line":26,"column":15}},"loc":{"start":{"line":26,"column":23},"end":{"line":29,"column":1}},"line":26},"2":{"name":"UpdateById","decl":{"start":{"line":31,"column":9},"end":{"line":31,"column":19}},"loc":{"start":{"line":31,"column":40},"end":{"line":34,"column":1}},"line":31},"3":{"name":"Create","decl":{"start":{"line":36,"column":9},"end":{"line":36,"column":15}},"loc":{"start":{"line":36,"column":27},"end":{"line":39,"column":1}},"line":36},"4":{"name":"Update","decl":{"start":{"line":41,"column":9},"end":{"line":41,"column":15}},"loc":{"start":{"line":41,"column":36},"end":{"line":46,"column":1}},"line":41},"5":{"name":"(anonymous_5)","decl":{"start":{"line":43,"column":21},"end":{"line":43,"column":22}},"loc":{"start":{"line":43,"column":48},"end":{"line":45,"column":3}},"line":43},"6":{"name":"Delete","decl":{"start":{"line":48,"column":9},"end":{"line":48,"column":15}},"loc":{"start":{"line":48,"column":20},"end":{"line":54,"column":1}},"line":48},"7":{"name":"Remove","decl":{"start":{"line":56,"column":9},"end":{"line":56,"column":15}},"loc":{"start":{"line":56,"column":20},"end":{"line":59,"column":1}},"line":56}},"branchMap":{"0":{"loc":{"start":{"line":22,"column":17},"end":{"line":22,"column":93}},"type":"cond-expr","locations":[{"start":{"line":22,"column":70},"end":{"line":22,"column":82}},{"start":{"line":22,"column":85},"end":{"line":22,"column":93}}],"line":22},"1":{"loc":{"start":{"line":22,"column":17},"end":{"line":22,"column":67}},"type":"binary-expr","locations":[{"start":{"line":22,"column":17},"end":{"line":22,"column":37}},{"start":{"line":22,"column":41},"end":{"line":22,"column":67}}],"line":22},"2":{"loc":{"start":{"line":27,"column":17},"end":{"line":27,"column":93}},"type":"cond-expr","locations":[{"start":{"line":27,"column":70},"end":{"line":27,"column":82}},{"start":{"line":27,"column":85},"end":{"line":27,"column":93}}],"line":27},"3":{"loc":{"start":{"line":27,"column":17},"end":{"line":27,"column":67}},"type":"binary-expr","locations":[{"start":{"line":27,"column":17},"end":{"line":27,"column":37}},{"start":{"line":27,"column":41},"end":{"line":27,"column":67}}],"line":27},"4":{"loc":{"start":{"line":32,"column":13},"end":{"line":32,"column":85}},"type":"cond-expr","locations":[{"start":{"line":32,"column":66},"end":{"line":32,"column":78}},{"start":{"line":32,"column":81},"end":{"line":32,"column":85}}],"line":32},"5":{"loc":{"start":{"line":32,"column":13},"end":{"line":32,"column":63}},"type":"binary-expr","locations":[{"start":{"line":32,"column":13},"end":{"line":32,"column":33}},{"start":{"line":32,"column":37},"end":{"line":32,"column":63}}],"line":32},"6":{"loc":{"start":{"line":37,"column":13},"end":{"line":37,"column":85}},"type":"cond-expr","locations":[{"start":{"line":37,"column":66},"end":{"line":37,"column":78}},{"start":{"line":37,"column":81},"end":{"line":37,"column":85}}],"line":37},"7":{"loc":{"start":{"line":37,"column":13},"end":{"line":37,"column":63}},"type":"binary-expr","locations":[{"start":{"line":37,"column":13},"end":{"line":37,"column":33}},{"start":{"line":37,"column":37},"end":{"line":37,"column":63}}],"line":37},"8":{"loc":{"start":{"line":42,"column":13},"end":{"line":42,"column":85}},"type":"cond-expr","locations":[{"start":{"line":42,"column":66},"end":{"line":42,"column":78}},{"start":{"line":42,"column":81},"end":{"line":42,"column":85}}],"line":42},"9":{"loc":{"start":{"line":42,"column":13},"end":{"line":42,"column":63}},"type":"binary-expr","locations":[{"start":{"line":42,"column":13},"end":{"line":42,"column":33}},{"start":{"line":42,"column":37},"end":{"line":42,"column":63}}],"line":42},"10":{"loc":{"start":{"line":49,"column":13},"end":{"line":49,"column":85}},"type":"cond-expr","locations":[{"start":{"line":49,"column":66},"end":{"line":49,"column":78}},{"start":{"line":49,"column":81},"end":{"line":49,"column":85}}],"line":49},"11":{"loc":{"start":{"line":49,"column":13},"end":{"line":49,"column":63}},"type":"binary-expr","locations":[{"start":{"line":49,"column":13},"end":{"line":49,"column":33}},{"start":{"line":49,"column":37},"end":{"line":49,"column":63}}],"line":49},"12":{"loc":{"start":{"line":57,"column":13},"end":{"line":57,"column":85}},"type":"cond-expr","locations":[{"start":{"line":57,"column":66},"end":{"line":57,"column":78}},{"start":{"line":57,"column":81},"end":{"line":57,"column":85}}],"line":57},"13":{"loc":{"start":{"line":57,"column":13},"end":{"line":57,"column":63}},"type":"binary-expr","locations":[{"start":{"line":57,"column":13},"end":{"line":57,"column":33}},{"start":{"line":57,"column":37},"end":{"line":57,"column":63}}],"line":57}},"s":{"0":1,"1":1,"2":1,"3":1,"4":1,"5":1,"6":1,"7":1,"8":1,"9":0,"10":0,"11":0,"12":0,"13":0,"14":0,"15":0,"16":0,"17":0,"18":0,"19":0,"20":0,"21":0,"22":0,"23":0,"24":1,"25":1},"f":{"0":0,"1":0,"2":0,"3":0,"4":0,"5":0,"6":0,"7":0},"b":{"0":[0,0],"1":[0,0],"2":[0,0],"3":[0,0],"4":[0,0],"5":[0,0],"6":[0,0],"7":[0,0],"8":[0,0],"9":[0,0],"10":[0,0],"11":[0,0],"12":[0,0],"13":[0,0]},"inputSourceMap":{"version":3,"sources":["Token.js"],"names":["mongoDriver","MongoHanlder","Token","activeDriver","CRUD","CrudHandler","GetById","id","populate","getById","GetOne","query","getOne","UpdateById","tokenId","tokenBody","user","updateById","Create","create","Update","Promise","resolve","reject","update","Delete","deleted","deletedAt","Date","Remove","remove"],"mappings":";;;;;;;;;AACA;;AAEA;;AACA;;AAJA;AAMA,IAAMA,WAAW,GAAG,IAAIC,iBAAJ,CAAiBC,iBAAjB,CAApB;AACA,IAAMC,YAAY,GAAGH,WAArB;AAEA,IAAMI,IAAI,GAAG,IAAIC,gBAAJ,CAAgB,OAAhB,EAAyBF,YAAzB,EAAuCH,WAAvC,CAAb;;AAGA,SAASM,OAAT,CAAiBC,EAAjB,EAAwC;AAAA,MAAnBC,QAAmB,uEAAT,CAAC,EAAD,EAAI,EAAJ,CAAS;AACtC,SAAOJ,IAAI,CAACK,OAAL,CAAaF,EAAb,EAAiBC,QAAjB,CAAP;AACD;;AAED,SAASE,MAAT,CAAgBC,KAAhB,EAA0C;AAAA,MAAnBH,QAAmB,uEAAT,CAAC,EAAD,EAAI,EAAJ,CAAS;AACxC,SAAOJ,IAAI,CAACQ,MAAL,CAAYD,KAAZ,EAAmBH,QAAnB,CAAP;AACD;;AAID,SAASK,UAAT,CAAoBC,OAApB,EAA6BC,SAA7B,EAAqD;AAAA,MAAbC,IAAa,uEAAN,IAAM;AACnD,SAAOZ,IAAI,CAACa,UAAL,CAAgBH,OAAhB,EAAyBC,SAAzB,EAAoCC,IAApC,CAAP;AACD;;AAGD,SAASE,MAAT,CAAgBH,SAAhB,EAAwC;AAAA,MAAbC,IAAa,uEAAN,IAAM;AACtC,SAAOZ,IAAI,CAACe,MAAL,CAAYjB,iBAAZ,EAAmBa,SAAnB,EAA8BC,IAA9B,CAAP;AACD;;AAED,SAASI,MAAT,CAAgBN,OAAhB,EAAyBC,SAAzB,EAAiD;AAAA,MAAbC,IAAa,uEAAN,IAAM;AAC/C,SAAO,IAAIK,OAAJ,CAAY,UAACC,OAAD,EAAUC,MAAV,EAAqB;AACtC,WAAOnB,IAAI,CAACoB,MAAL,CAAYV,OAAZ,EAAqBC,SAArB,EAAgCC,IAAhC,CAAP;AACD,GAFM,CAAP;AAGD;;AAGD,SAASS,MAAT,CAAgBlB,EAAhB,EAAiC;AAAA,MAAbS,IAAa,uEAAN,IAAM;AAC/B,SAAOZ,IAAI,CAACoB,MAAL,CAAYjB,EAAZ,EAAgB;AAAEmB,IAAAA,OAAO,EAAE,IAAX;AAAiBC,IAAAA,SAAS,EAAE,IAAIC,IAAJ;AAA5B,GAAhB,EAA0DZ,IAA1D,CAAP;AACD;;AAED,SAASa,MAAT,CAAgBtB,EAAhB,EAAiC;AAAA,MAAbS,IAAa,uEAAN,IAAM;AAC/B,SAAOZ,IAAI,CAAC0B,MAAL,CAAYvB,EAAZ,EAAgBS,IAAhB,CAAP;AACD;;eAEc;AAAEV,EAAAA,OAAO,EAAPA,OAAF;AAAWI,EAAAA,MAAM,EAANA,MAAX;AAAmBQ,EAAAA,MAAM,EAANA,MAAnB;AAA2BE,EAAAA,MAAM,EAANA,MAA3B;AAAmCK,EAAAA,MAAM,EAANA,MAAnC;AAA2CI,EAAAA,MAAM,EAANA,MAA3C;AAAmDhB,EAAAA,UAAU,EAAVA;AAAnD,C","sourceRoot":"C:\\Users\\MusaGhauri\\Desktop\\BitBytes\\musaghauri\\hr-system\\server\\helpers\\","sourcesContent":["/* eslint-disable */\r\nimport Token from '../models/token';\r\n\r\nimport MongoHanlder from './common/mongo';\r\nimport CrudHandler from './common/crud';\r\n\r\nconst mongoDriver = new MongoHanlder(Token);\r\nconst activeDriver = mongoDriver;\r\n\r\nconst CRUD = new CrudHandler('Token', activeDriver, mongoDriver);\r\n\r\n\r\nfunction GetById(id, populate= ['','']) {\r\n  return CRUD.getById(id, populate);\r\n}\r\n\r\nfunction GetOne(query, populate= ['','']) {\r\n  return CRUD.getOne(query, populate);\r\n}\r\n\r\n\r\n\r\nfunction UpdateById(tokenId, tokenBody, user = null) {\r\n  return CRUD.updateById(tokenId, tokenBody, user)\r\n}\r\n\r\n\r\nfunction Create(tokenBody, user = null) {\r\n  return CRUD.create(Token, tokenBody, user)\r\n}\r\n\r\nfunction Update(tokenId, tokenBody, user = null) {\r\n  return new Promise((resolve, reject) => {\r\n    return CRUD.update(tokenId, tokenBody, user);\r\n  });\r\n}\r\n\r\n\r\nfunction Delete(id, user = null) {\r\n  return CRUD.update(id, { deleted: true, deletedAt: new Date() }, user);\r\n}\r\n\r\nfunction Remove(id, user = null) {\r\n  return CRUD.remove(id, user);\r\n}\r\n\r\nexport default { GetById, GetOne, Create, Update, Delete, Remove, UpdateById };\r\n"]},"_coverageSchema":"1a1c01bbd47fc00a2c39e90264f33305004495a9","hash":"40df13422a59a756736f5ca00cf90375206fe83f","contentHash":"b27d726225bb592723a15afaa75cb2359239099e20a026e5f1603971a029f053"},"C:\\Users\\MusaGhauri\\Desktop\\BitBytes\\musaghauri\\hr-system\\server\\models\\token.js":{"path":"C:\\Users\\MusaGhauri\\Desktop\\BitBytes\\musaghauri\\hr-system\\server\\models\\token.js","statementMap":{"0":{"start":{"line":3,"column":0},"end":{"line":5,"column":3}},"1":{"start":{"line":6,"column":0},"end":{"line":6,"column":28}},"2":{"start":{"line":8,"column":15},"end":{"line":8,"column":34}},"3":{"start":{"line":10,"column":13},"end":{"line":10,"column":28}},"4":{"start":{"line":12,"column":18},"end":{"line":42,"column":2}},"5":{"start":{"line":43,"column":12},"end":{"line":43,"column":48}},"6":{"start":{"line":44,"column":15},"end":{"line":44,"column":20}},"7":{"start":{"line":45,"column":0},"end":{"line":45,"column":30}}},"fnMap":{},"branchMap":{},"s":{"0":1,"1":1,"2":1,"3":1,"4":1,"5":1,"6":1,"7":1},"f":{},"b":{},"inputSourceMap":{"version":3,"sources":["token.js"],"names":["mongoose","require","Schema","tokenSchema","user","type","Types","ObjectId","required","ref","token","String","isClicked","Boolean","clickedAt","Date","createdAt","now","expires","updatedAt","Token","model"],"mappings":";;;;;;;AAAA,IAAMA,QAAQ,GAAGC,OAAO,CAAC,UAAD,CAAxB;;IAEQC,M,GAAWF,Q,CAAXE,M,EACR;;AAEA,IAAMC,WAAW,GAAG,IAAID,MAAJ,CAAW;AAC7BE,EAAAA,IAAI,EAAE;AACJC,IAAAA,IAAI,EAAEL,QAAQ,CAACE,MAAT,CAAgBI,KAAhB,CAAsBC,QADxB;AAEJC,IAAAA,QAAQ,EAAE,IAFN;AAGJC,IAAAA,GAAG,EAAE;AAHD,GADuB;AAM7BC,EAAAA,KAAK,EAAE;AACLL,IAAAA,IAAI,EAAEM,MADD;AAELH,IAAAA,QAAQ,EAAE;AAFL,GANsB;AAU7BH,EAAAA,IAAI,EAAE;AACJA,IAAAA,IAAI,EAAEM,MADF;AAEJ,YAAM,CAAC,gBAAD;AAFF,GAVuB;AAc7BC,EAAAA,SAAS,EAAE;AACTP,IAAAA,IAAI,EAAEQ,OADG;AAET,eAAS;AAFA,GAdkB;AAkB7BC,EAAAA,SAAS,EAAE;AACTT,IAAAA,IAAI,EAAEU;AADG,GAlBkB;AAqB7BC,EAAAA,SAAS,EAAE;AACTX,IAAAA,IAAI,EAAEU,IADG;AAETP,IAAAA,QAAQ,EAAE,IAFD;AAGT,eAASO,IAAI,CAACE,GAHL;AAITC,IAAAA,OAAO,EAAE;AAJA,GArBkB;AA2B7BC,EAAAA,SAAS,EAAE;AACTd,IAAAA,IAAI,EAAEU;AADG;AA3BkB,CAAX,CAApB;AAgCA,IAAMK,KAAK,GAAGpB,QAAQ,CAACqB,KAAT,CAAe,OAAf,EAAwBlB,WAAxB,CAAd;eAEeiB,K","sourceRoot":"C:\\Users\\MusaGhauri\\Desktop\\BitBytes\\musaghauri\\hr-system\\server\\models\\","sourcesContent":["const mongoose = require('mongoose');\r\n\r\nconst { Schema } = mongoose;\r\n// const bcrypt = require('bcrypt-nodejs');\r\n\r\nconst tokenSchema = new Schema({\r\n  user: {\r\n    type: mongoose.Schema.Types.ObjectId,\r\n    required: true,\r\n    ref: 'User',\r\n  },\r\n  token: {\r\n    type: String,\r\n    required: true,\r\n  },\r\n  type: {\r\n    type: String,\r\n    enum: ['reset-password'],\r\n  },\r\n  isClicked: {\r\n    type: Boolean,\r\n    default: false,\r\n  },\r\n  clickedAt: {\r\n    type: Date,\r\n  },\r\n  createdAt: {\r\n    type: Date,\r\n    required: true,\r\n    default: Date.now,\r\n    expires: '24h',\r\n  },\r\n  updatedAt: {\r\n    type: Date,\r\n  },\r\n});\r\n\r\nconst Token = mongoose.model('Token', tokenSchema);\r\n\r\nexport default Token;\r\n"]},"_coverageSchema":"1a1c01bbd47fc00a2c39e90264f33305004495a9","hash":"98f6bf3da4404bb948df7434c6fd031fe4ed55e1","contentHash":"a098d75a05a941eafa99b7380ff3526033bae76aca78013c7dcff23950701cba"},"C:\\Users\\MusaGhauri\\Desktop\\BitBytes\\musaghauri\\hr-system\\server\\helpers\\common\\mongo.js":{"path":"C:\\Users\\MusaGhauri\\Desktop\\BitBytes\\musaghauri\\hr-system\\server\\helpers\\common\\mongo.js","statementMap":{"0":{"start":{"line":3,"column":29},"end":{"line":3,"column":84}},"1":{"start":{"line":5,"column":0},"end":{"line":7,"column":3}},"2":{"start":{"line":8,"column":0},"end":{"line":8,"column":28}},"3":{"start":{"line":10,"column":23},"end":{"line":10,"column":95}},"4":{"start":{"line":12,"column":23},"end":{"line":12,"column":95}},"5":{"start":{"line":14,"column":20},"end":{"line":14,"column":89}},"6":{"start":{"line":16,"column":18},"end":{"line":16,"column":69}},"7":{"start":{"line":18,"column":13},"end":{"line":18,"column":59}},"8":{"start":{"line":20,"column":12},"end":{"line":20,"column":57}},"9":{"start":{"line":22,"column":15},"end":{"line":22,"column":63}},"10":{"start":{"line":24,"column":54},"end":{"line":24,"column":73}},"11":{"start":{"line":24,"column":75},"end":{"line":24,"column":326}},"12":{"start":{"line":24,"column":125},"end":{"line":24,"column":161}},"13":{"start":{"line":24,"column":163},"end":{"line":24,"column":292}},"14":{"start":{"line":24,"column":183},"end":{"line":24,"column":292}},"15":{"start":{"line":24,"column":225},"end":{"line":24,"column":288}},"16":{"start":{"line":24,"column":293},"end":{"line":24,"column":324}},"17":{"start":{"line":24,"column":327},"end":{"line":24,"column":339}},"18":{"start":{"line":26,"column":33},"end":{"line":26,"column":534}},"19":{"start":{"line":26,"column":46},"end":{"line":26,"column":47}},"20":{"start":{"line":26,"column":91},"end":{"line":26,"column":131}},"21":{"start":{"line":26,"column":133},"end":{"line":26,"column":532}},"22":{"start":{"line":26,"column":146},"end":{"line":26,"column":264}},"23":{"start":{"line":26,"column":201},"end":{"line":26,"column":260}},"24":{"start":{"line":26,"column":272},"end":{"line":26,"column":532}},"25":{"start":{"line":26,"column":312},"end":{"line":26,"column":386}},"26":{"start":{"line":26,"column":396},"end":{"line":26,"column":530}},"27":{"start":{"line":26,"column":445},"end":{"line":26,"column":526}},"28":{"start":{"line":26,"column":535},"end":{"line":26,"column":549}},"29":{"start":{"line":28,"column":25},"end":{"line":206,"column":3}},"30":{"start":{"line":30,"column":4},"end":{"line":30,"column":50}},"31":{"start":{"line":31,"column":4},"end":{"line":31,"column":23}},"32":{"start":{"line":34,"column":2},"end":{"line":204,"column":6}},"33":{"start":{"line":37,"column":18},"end":{"line":37,"column":22}},"34":{"start":{"line":39,"column":6},"end":{"line":46,"column":9}},"35":{"start":{"line":40,"column":25},"end":{"line":40,"column":112}},"36":{"start":{"line":41,"column":8},"end":{"line":45,"column":11}},"37":{"start":{"line":42,"column":10},"end":{"line":42,"column":26}},"38":{"start":{"line":44,"column":10},"end":{"line":44,"column":27}},"39":{"start":{"line":51,"column":19},"end":{"line":51,"column":23}},"40":{"start":{"line":53,"column":6},"end":{"line":60,"column":9}},"41":{"start":{"line":54,"column":25},"end":{"line":54,"column":108}},"42":{"start":{"line":55,"column":8},"end":{"line":59,"column":11}},"43":{"start":{"line":56,"column":10},"end":{"line":56,"column":26}},"44":{"start":{"line":58,"column":10},"end":{"line":58,"column":27}},"45":{"start":{"line":65,"column":19},"end":{"line":65,"column":23}},"46":{"start":{"line":67,"column":6},"end":{"line":75,"column":9}},"47":{"start":{"line":68,"column":8},"end":{"line":74,"column":11}},"48":{"start":{"line":71,"column":10},"end":{"line":71,"column":26}},"49":{"start":{"line":73,"column":10},"end":{"line":73,"column":27}},"50":{"start":{"line":80,"column":19},"end":{"line":80,"column":23}},"51":{"start":{"line":82,"column":6},"end":{"line":101,"column":9}},"52":{"start":{"line":83,"column":8},"end":{"line":100,"column":9}},"53":{"start":{"line":84,"column":25},"end":{"line":84,"column":59}},"54":{"start":{"line":85,"column":10},"end":{"line":87,"column":13}},"55":{"start":{"line":89,"column":10},"end":{"line":93,"column":13}},"56":{"start":{"line":90,"column":12},"end":{"line":90,"column":85}},"57":{"start":{"line":90,"column":35},"end":{"line":90,"column":69}},"58":{"start":{"line":90,"column":74},"end":{"line":90,"column":85}},"59":{"start":{"line":92,"column":12},"end":{"line":92,"column":29}},"60":{"start":{"line":95,"column":10},"end":{"line":99,"column":13}},"61":{"start":{"line":96,"column":12},"end":{"line":96,"column":28}},"62":{"start":{"line":98,"column":12},"end":{"line":98,"column":29}},"63":{"start":{"line":106,"column":19},"end":{"line":106,"column":23}},"64":{"start":{"line":108,"column":6},"end":{"line":114,"column":9}},"65":{"start":{"line":109,"column":8},"end":{"line":113,"column":11}},"66":{"start":{"line":110,"column":10},"end":{"line":110,"column":32}},"67":{"start":{"line":112,"column":10},"end":{"line":112,"column":27}},"68":{"start":{"line":119,"column":19},"end":{"line":119,"column":23}},"69":{"start":{"line":121,"column":6},"end":{"line":124,"column":9}},"70":{"start":{"line":125,"column":6},"end":{"line":133,"column":9}},"71":{"start":{"line":126,"column":8},"end":{"line":132,"column":11}},"72":{"start":{"line":129,"column":10},"end":{"line":129,"column":34}},"73":{"start":{"line":131,"column":10},"end":{"line":131,"column":27}},"74":{"start":{"line":138,"column":19},"end":{"line":138,"column":23}},"75":{"start":{"line":140,"column":6},"end":{"line":146,"column":9}},"76":{"start":{"line":141,"column":8},"end":{"line":145,"column":11}},"77":{"start":{"line":142,"column":10},"end":{"line":142,"column":34}},"78":{"start":{"line":144,"column":10},"end":{"line":144,"column":27}},"79":{"start":{"line":151,"column":19},"end":{"line":151,"column":23}},"80":{"start":{"line":153,"column":28},"end":{"line":153,"column":100}},"81":{"start":{"line":154,"column":25},"end":{"line":154,"column":97}},"82":{"start":{"line":155,"column":6},"end":{"line":202,"column":9}},"83":{"start":{"line":156,"column":23},"end":{"line":156,"column":57}},"84":{"start":{"line":157,"column":8},"end":{"line":159,"column":11}},"85":{"start":{"line":157,"column":20},"end":{"line":159,"column":11}},"86":{"start":{"line":160,"column":8},"end":{"line":169,"column":9}},"87":{"start":{"line":160,"column":31},"end":{"line":162,"column":11}},"88":{"start":{"line":161,"column":10},"end":{"line":161,"column":34}},"89":{"start":{"line":163,"column":10},"end":{"line":165,"column":13}},"90":{"start":{"line":163,"column":22},"end":{"line":165,"column":13}},"91":{"start":{"line":166,"column":10},"end":{"line":168,"column":13}},"92":{"start":{"line":166,"column":23},"end":{"line":168,"column":13}},"93":{"start":{"line":171,"column":25},"end":{"line":171,"column":57}},"
[...]
line":37,"column":1}},"line":34},"2":{"name":"Get","decl":{"start":{"line":39,"column":9},"end":{"line":39,"column":12}},"loc":{"start":{"line":39,"column":21},"end":{"line":52,"column":1}},"line":39},"3":{"name":"UpdateById","decl":{"start":{"line":54,"column":9},"end":{"line":54,"column":19}},"loc":{"start":{"line":54,"column":50},"end":{"line":78,"column":1}},"line":54},"4":{"name":"(anonymous_4)","decl":{"start":{"line":56,"column":21},"end":{"line":56,"column":22}},"loc":{"start":{"line":56,"column":48},"end":{"line":77,"column":3}},"line":56},"5":{"name":"(anonymous_5)","decl":{"start":{"line":61,"column":32},"end":{"line":61,"column":33}},"loc":{"start":{"line":61,"column":48},"end":{"line":74,"column":5}},"line":61},"6":{"name":"(anonymous_6)","decl":{"start":{"line":68,"column":65},"end":{"line":68,"column":66}},"loc":{"start":{"line":68,"column":94},"end":{"line":70,"column":9}},"line":68},"7":{"name":"(anonymous_7)","decl":{"start":{"line":70,"column":20},"end":{"line":70,"column":21}},"loc":{"start":{"line":70,"column":33},"end":{"line":72,"column":9}},"line":70},"8":{"name":"(anonymous_8)","decl":{"start":{"line":74,"column":16},"end":{"line":74,"column":17}},"loc":{"start":{"line":74,"column":29},"end":{"line":76,"column":5}},"line":74},"9":{"name":"Create","decl":{"start":{"line":80,"column":9},"end":{"line":80,"column":15}},"loc":{"start":{"line":80,"column":32},"end":{"line":104,"column":1}},"line":80},"10":{"name":"(anonymous_10)","decl":{"start":{"line":82,"column":21},"end":{"line":82,"column":22}},"loc":{"start":{"line":82,"column":48},"end":{"line":103,"column":3}},"line":82},"11":{"name":"(anonymous_11)","decl":{"start":{"line":87,"column":18},"end":{"line":87,"column":19}},"loc":{"start":{"line":87,"column":34},"end":{"line":100,"column":5}},"line":87},"12":{"name":"(anonymous_12)","decl":{"start":{"line":94,"column":71},"end":{"line":94,"column":72}},"loc":{"start":{"line":94,"column":98},"end":{"line":96,"column":9}},"line":94},"13":{"name":"(anonymous_13)","decl":{"start":{"line":96,"column":20},"end":{"line":96,"column":21}},"loc":{"start":{"line":96,"column":33},"end":{"line":98,"column":9}},"line":96},"14":{"name":"(anonymous_14)","decl":{"start":{"line":100,"column":16},"end":{"line":100,"column":17}},"loc":{"start":{"line":100,"column":29},"end":{"line":102,"column":5}},"line":100},"15":{"name":"Remove","decl":{"start":{"line":106,"column":9},"end":{"line":106,"column":15}},"loc":{"start":{"line":106,"column":20},"end":{"line":109,"column":1}},"line":106},"16":{"name":"ifAttributeExists","decl":{"start":{"line":111,"column":9},"end":{"line":111,"column":26}},"loc":{"start":{"line":111,"column":40},"end":{"line":130,"column":1}},"line":111},"17":{"name":"(anonymous_17)","decl":{"start":{"line":113,"column":21},"end":{"line":113,"column":22}},"loc":{"start":{"line":113,"column":48},"end":{"line":129,"column":3}},"line":113},"18":{"name":"(anonymous_18)","decl":{"start":{"line":114,"column":42},"end":{"line":114,"column":43}},"loc":{"start":{"line":114,"column":65},"end":{"line":126,"column":5}},"line":114},"19":{"name":"(anonymous_19)","decl":{"start":{"line":126,"column":16},"end":{"line":126,"column":17}},"loc":{"start":{"line":126,"column":29},"end":{"line":128,"column":5}},"line":126}},"branchMap":{"0":{"loc":{"start":{"line":30,"column":17},"end":{"line":30,"column":93}},"type":"cond-expr","locations":[{"start":{"line":30,"column":70},"end":{"line":30,"column":82}},{"start":{"line":30,"column":85},"end":{"line":30,"column":93}}],"line":30},"1":{"loc":{"start":{"line":30,"column":17},"end":{"line":30,"column":67}},"type":"binary-expr","locations":[{"start":{"line":30,"column":17},"end":{"line":30,"column":37}},{"start":{"line":30,"column":41},"end":{"line":30,"column":67}}],"line":30},"2":{"loc":{"start":{"line":35,"column":17},"end":{"line":35,"column":93}},"type":"cond-expr","locations":[{"start":{"line":35,"column":70},"end":{"line":35,"column":82}},{"start":{"line":35,"column":85},"end":{"line":35,"column":93}}],"line":35},"3":{"loc":{"start":{"line":35,"column":17},"end":{"line":35,"column":67}},"type":"binary-expr","locations":[{"start":{"line":35,"column":17},"end":{"line":35,"column":37}},{"start":{"line":35,"column":41},"end":{"line":35,"column":67}}],"line":35},"4":{"loc":{"start":{"line":40,"column":17},"end":{"line":40,"column":93}},"type":"cond-expr","locations":[{"start":{"line":40,"column":70},"end":{"line":40,"column":82}},{"start":{"line":40,"column":85},"end":{"line":40,"column":93}}],"line":40},"5":{"loc":{"start":{"line":40,"column":17},"end":{"line":40,"column":67}},"type":"binary-expr","locations":[{"start":{"line":40,"column":17},"end":{"line":40,"column":37}},{"start":{"line":40,"column":41},"end":{"line":40,"column":67}}],"line":40},"6":{"loc":{"start":{"line":42,"column":14},"end":{"line":42,"column":59}},"type":"cond-expr","locations":[{"start":{"line":42,"column":41},"end":{"line":42,"column":43}},{"start":{"line":42,"column":46},"end":{"line":42,"column":59}}],"line":42},"7":{"loc":{"start":{"line":44,"column":13},"end":{"line":44,"column":55}},"type":"cond-expr","locations":[{"start":{"line":44,"column":39},"end":{"line":44,"column":40}},{"start":{"line":44,"column":43},"end":{"line":44,"column":55}}],"line":44},"8":{"loc":{"start":{"line":46,"column":14},"end":{"line":46,"column":59}},"type":"cond-expr","locations":[{"start":{"line":46,"column":41},"end":{"line":46,"column":43}},{"start":{"line":46,"column":46},"end":{"line":46,"column":59}}],"line":46},"9":{"loc":{"start":{"line":48,"column":13},"end":{"line":48,"column":65}},"type":"cond-expr","locations":[{"start":{"line":48,"column":39},"end":{"line":48,"column":50}},{"start":{"line":48,"column":53},"end":{"line":48,"column":65}}],"line":48},"10":{"loc":{"start":{"line":50,"column":14},"end":{"line":50,"column":63}},"type":"cond-expr","locations":[{"start":{"line":50,"column":41},"end":{"line":50,"column":47}},{"start":{"line":50,"column":50},"end":{"line":50,"column":63}}],"line":50},"11":{"loc":{"start":{"line":55,"column":13},"end":{"line":55,"column":85}},"type":"cond-expr","locations":[{"start":{"line":55,"column":66},"end":{"line":55,"column":78}},{"start":{"line":55,"column":81},"end":{"line":55,"column":85}}],"line":55},"12":{"loc":{"start":{"line":55,"column":13},"end":{"line":55,"column":63}},"type":"binary-expr","locations":[{"start":{"line":55,"column":13},"end":{"line":55,"column":33}},{"start":{"line":55,"column":37},"end":{"line":55,"column":63}}],"line":55},"13":{"loc":{"start":{"line":58,"column":15},"end":{"line":58,"column":76}},"type":"cond-expr","locations":[{"start":{"line":58,"column":49},"end":{"line":58,"column":53}},{"start":{"line":58,"column":56},"end":{"line":58,"column":76}}],"line":58},"14":{"loc":{"start":{"line":62,"column":6},"end":{"line":73,"column":7}},"type":"if","locations":[{"start":{"line":62,"column":6},"end":{"line":73,"column":7}},{"start":{"line":62,"column":6},"end":{"line":73,"column":7}}],"line":62},"15":{"loc":{"start":{"line":81,"column":13},"end":{"line":81,"column":85}},"type":"cond-expr","locations":[{"start":{"line":81,"column":66},"end":{"line":81,"column":78}},{"start":{"line":81,"column":81},"end":{"line":81,"column":85}}],"line":81},"16":{"loc":{"start":{"line":81,"column":13},"end":{"line":81,"column":63}},"type":"binary-expr","locations":[{"start":{"line":81,"column":13},"end":{"line":81,"column":33}},{"start":{"line":81,"column":37},"end":{"line":81,"column":63}}],"line":81},"17":{"loc":{"start":{"line":84,"column":15},"end":{"line":84,"column":78}},"type":"cond-expr","locations":[{"start":{"line":84,"column":50},"end":{"line":84,"column":54}},{"start":{"line":84,"column":57},"end":{"line":84,"column":78}}],"line":84},"18":{"loc":{"start":{"line":88,"column":6},"end":{"line":99,"column":7}},"type":"if","locations":[{"start":{"line":88,"column":6},"end":{"line":99,"column":7}},{"start":{"line":88,"column":6},"end":{"line":99,"column":7}}],"line":88},"19":{"loc":{"start":{"line":107,"column":13},"end":{"line":107,"column":85}},"type":"cond-expr","locations":[{"start":{"line":107,"column":66},"end":{"line":107,"column":78}},{"start":{"line":107,"column":81},"end":{"line":107,"column":85}}],"line":107},"20":{"loc":{"start":{"line":107,"column":13},"end":{"line":107,"column":63}},"type":"binary-expr","locations":[{"start":{"line":107,"column":13},"end":{"line":107,"column":33}},{"start":{"line":107,"column":37},"end":{"line":107,"column":63}}],"line":107},"21":{"loc":{"start":{"line":112,"column":18},"end":{"line":112,"column":90}},"type":"cond-expr","locations":[{"start":{"line":112,"column":71},"end":{"line":112,"column":83}},{"start":{"line":112,"column":86},"end":{"line":112,"column":90}}],"line":112},"22":{"loc":{"start":{"line":112,"column":18},"end":{"line":112,"column":68}},"type":"binary-expr","locations":[{"start":{"line":112,"column":18},"end":{"line":112,"column":38}},{"start":{"line":112,"column":42},"end":{"line":112,"column":68}}],"line":112},"23":{"loc":{"start":{"line":115,"column":6},"end":{"line":125,"column":7}},"type":"if","locations":[{"start":{"line":115,"column":6},"end":{"line":125,"column":7}},{"start":{"line":115,"column":6},"end":{"line":125,"column":7}}],"line":115}},"s":{"0":1,"1":1,"2":1,"3":1,"4":1,"5":1,"6":1,"7":1,"8":1,"9":1,"10":1,"11":1,"12":1,"13":0,"14":0,"15":0,"16":0,"17":0,"18":0,"19":0,"20":0,"21":0,"22":0,"23":0,"24":0,"25":0,"26":0,"27":0,"28":0,"29":0,"30":0,"31":0,"32":0,"33":0,"34":0,"35":0,"36":0,"37":0,"38":0,"39":0,"40":0,"41":0,"42":0,"43":0,"44":0,"45":0,"46":0,"47":0,"48":0,"49":0,"50":0,"51":0,"52":0,"53":0,"54":0,"55":0,"56":0,"57":0,"58":0,"59":0,"60":0,"61":1,"62":1},"f":{"0":0,"1":0,"2":0,"3":0,"4":0,"5":0,"6":0,"7":0,"8":0,"9":0,"10":0,"11":0,"12":0,"13":0,"14":0,"15":0,"16":0,"17":0,"18":0,"19":0},"b":{"0":[0,0],"1":[0,0],"2":[0,0],"3":[0,0],"4":[0,0],"5":[0,0],"6":[0,0],"7":[0,0],"8":[0,0],"9":[0,0],"10":[0,0],"11":[0,0],"12":[0,0],"13":[0,0],"14":[0,0],"15":[0,0],"16":[0,0],"17":[0,0],"18":[0,0],"19":[0,0],"20":[0,0],"21":[0,0],"22":[0,0],"23":[0,0]},"inputSourceMap":{"version":3,"sources":["Department.js"],"names":["mongoDriver","MongoHanlder","Department","activeDriver","CRUD","CrudHandler","GetOne","query","populate","getOne","GetById","id","getById","Get","params","limit","skip","sort","order","get","UpdateById","departmentId","departmentBody","user","Promise","resolve","reject","name","ifAttributeExists","then","data","status","httpStatus","BAD_REQUEST","err","updateById","updatedDepartment","e","Create","create","savedDepartment","Remove","remove","values","key","exception","isUnique","valueExists","APIError"],"mappings":";;;;;;;;;AACA;;AACA;;AACA;;AACA;;AACA;;AACA;;AACA;;AAPA;AASA,IAAMA,WAAW,GAAG,IAAIC,iBAAJ,CAAiBC,sBAAjB,CAApB;AACA,IAAMC,YAAY,GAAGH,WAArB;AAEA,IAAMI,IAAI,GAAG,IAAIC,gBAAJ,CAAgB,YAAhB,EAA8BF,YAA9B,EAA4CH,WAA5C,CAAb;;AAEA,SAASM,MAAT,CAAgBC,KAAhB,EAA0C;AAAA,MAAnBC,QAAmB,uEAAT,CAAC,EAAD,EAAI,EAAJ,CAAS;AACxC,SAAOJ,IAAI,CAACK,MAAL,CAAYF,KAAZ,EAAmBC,QAAnB,CAAP;AACD;;AAED,SAASE,OAAT,CAAiBC,EAAjB,EAAwC;AAAA,MAAnBH,QAAmB,uEAAT,CAAC,EAAD,EAAI,EAAJ,CAAS;AACtC,SAAOJ,IAAI,CAACQ,OAAL,CAAaD,EAAb,EAAiBH,QAAjB,CAAP;AACD;;AAED,SAASK,GAAT,CAAaC,MAAb,EAAwC;AAAA,MAAnBN,QAAmB,uEAAT,CAAC,EAAD,EAAI,EAAJ,CAAS;AAAA,sBAOlCM,MAPkC,CAEpCC,KAFoC;AAAA,MAEpCA,KAFoC,8BAE5B,EAF4B;AAAA,qBAOlCD,MAPkC,CAGpCE,IAHoC;AAAA,MAGpCA,IAHoC,6BAG7B,CAH6B;AAAA,sBAOlCF,MAPkC,CAIpCP,KAJoC;AAAA,MAIpCA,KAJoC,8BAI5B,EAJ4B;AAAA,qBAOlCO,MAPkC,CAKpCG,IALoC;AAAA,MAKpCA,IALoC,6BAK7B,WAL6B;AAAA,sBAOlCH,MAPkC,CAMpCI,KANoC;AAAA,MAMpCA,KANoC,8BAM5B,MAN4B;AAQtC,SAAOd,IAAI,CAACe,GAAL,CAASZ,KAAT,EAAgBS,IAAhB,EAAsBD,KAAtB,EAA6BE,IAA7B,EAAmCC,KAAnC,EAA0CV,QAA1C,CAAP;AACD;;AAED,SAASY,UAAT,CAAoBC,YAApB,EAAkCC,cAAlC,EAA+D;AAAA,MAAbC,IAAa,uEAAN,IAAM;AAC7D,SAAO,IAAIC,OAAJ,CAAY,UAACC,OAAD,EAAUC,MAAV,EAAqB;AAAA,+BACdJ,cADc,CAC9BK,IAD8B;AAAA,QAC9BA,IAD8B,qCACvB,IADuB;AAGtCC,IAAAA,iBAAiB,CAAC;AAAED,MAAAA,IAAI,EAAJA;AAAF,KAAD,EAAWA,IAAX,EAAiBN,YAAjB,CAAjB,CAAgDQ,IAAhD,CAAqD,UAAAC,IAAI,EAAI;AAC3D,UAAG,CAAC,CAAE,sBAAKA,IAAL,EAAW,QAAX,CAAN,EAA6B;AAC3BJ,QAAAA,MAAM,CAAC;AACLK,UAAAA,MAAM,EAAEC,uBAAWC,WADd;AAELC,UAAAA,GAAG,EAAE,sBAAKJ,IAAL,EAAW,KAAX;AAFA,SAAD,CAAN;AAID,OALD,MAKO;AACL1B,QAAAA,IAAI,CAAC+B,UAAL,CAAgBd,YAAhB,EAA8BC,cAA9B,EAA8CC,IAA9C,EAAoDM,IAApD,CAAyD,UAAAO,iBAAiB,EAAI;AAC5EX,UAAAA,OAAO,CAACW,iBAAD,CAAP;AACD,SAFD,WAGO,UAAAC,CAAC;AAAA,iBAAIX,MAAM,CAACW,CAAD,CAAV;AAAA,SAHR;AAID;AACF,KAZD,WAaO,UAAAA,CAAC;AAAA,aAAIX,MAAM,CAACW,CAAD,CAAV;AAAA,KAbR;AAcD,GAjBM,CAAP;AAkBD;;AAED,SAASC,MAAT,CAAgBhB,cAAhB,EAA6C;AAAA,MAAbC,IAAa,uEAAN,IAAM;AAC3C,SAAO,IAAIC,OAAJ,CAAY,UAACC,OAAD,EAAUC,MAAV,EAAqB;AAAA,gCACdJ,cADc,CAC9BK,IAD8B;AAAA,QAC9BA,IAD8B,sCACvB,IADuB;AAGtCC,IAAAA,iBAAiB,CAAC;AAAED,MAAAA,IAAI,EAAJA;AAAF,KAAD,EAAWA,IAAX,CAAjB,CAAkCE,IAAlC,CAAuC,UAAAC,IAAI,EAAI;AAC7C,UAAG,CAAC,CAAE,sBAAKA,IAAL,EAAW,QAAX,CAAN,EAA6B;AAC3BJ,QAAAA,MAAM,CAAC;AACLK,UAAAA,MAAM,EAAEC,uBAAWC,WADd;AAELC,UAAAA,GAAG,EAAE,sBAAKJ,IAAL,EAAW,KAAX;AAFA,SAAD,CAAN;AAID,OALD,MAKO;AACL1B,QAAAA,IAAI,CAACmC,MAAL,CAAYrC,sBAAZ,EAAwBoB,cAAxB,EAAwCC,IAAxC,EAA8CM,IAA9C,CAAmD,UAAAW,eAAe,EAAI;AACpEf,UAAAA,OAAO,CAACe,eAAD,CAAP;AACD,SAFD,WAGO,UAAAH,CAAC;AAAA,iBAAIX,MAAM,CAACW,CAAD,CAAV;AAAA,SAHR;AAID;AACF,KAZD,WAaO,UAAAA,CAAC;AAAA,aAAIX,MAAM,CAACW,CAAD,CAAV;AAAA,KAbR;AAcD,GAjBM,CAAP;AAkBD;;AAED,SAASI,MAAT,CAAgB9B,EAAhB,EAAiC;AAAA,MAAbY,IAAa,uEAAN,IAAM;AAC/B,SAAOnB,IAAI,CAACsC,MAAL,CAAY/B,EAAZ,EAAgBY,IAAhB,CAAP;AACD;;AAED,SAASK,iBAAT,CAA2Be,MAA3B,EAAmCC,GAAnC,EAA0D;AAAA,MAAlBC,SAAkB,uEAAN,IAAM;AACxD,SAAO,IAAIrB,OAAJ,CAAY,UAACC,OAAD,EAAUC,MAAV,EAAqB;AACtCtB,IAAAA,IAAI,CAAC0C,QAAL,CAAcH,MAAd,EAAsBE,SAAtB,EAAiChB,IAAjC,CAAsC,UAACkB,WAAD,EAAiB;AACrD,UAAI,CAAC,CAACA,WAAN,EAAmB;AACjB,YAAMb,GAAG,GAAG,IAAIc,oBAAJ,WAAgB,4BAAWJ,GAAX,CAAhB,sBAAkDZ,uBAAWC,WAA7D,CAAZ;AACAR,QAAAA,OAAO,CAAC;AACNM,UAAAA,MAAM,EAAE,IADF;AAENG,UAAAA,GAAG,EAAHA;AAFM,SAAD,CAAP;AAID,OAND,MAMO;AACLT,QAAAA,OAAO,CAAC;AACJM,UAAAA,MAAM,EAAE;AADJ,SAAD,CAAP;AAGD;AACF,KAZD,WAaO,UAAAM,CAAC;AAAA,aAAIX,MAAM,CAACW,CAAD,CAAV;AAAA,KAbR;AAcD,GAfM,CAAP;AAgBD;;eAGc;AAAEC,EAAAA,MAAM,EAANA,MAAF;AAAUhC,EAAAA,MAAM,EAANA,MAAV;AAAkBc,EAAAA,UAAU,EAAVA,UAAlB;AAA8BV,EAAAA,OAAO,EAAPA,OAA9B;AAAuCG,EAAAA,GAAG,EAAHA,GAAvC;AAA4C4B,EAAAA,MAAM,EAANA;AAA5C,C","sourceRoot":"C:\\Users\\MusaGhauri\\Desktop\\BitBytes\\musaghauri\\hr-system\\server\\helpers\\","sourcesContent":["/* eslint-disable */\r\nimport httpStatus from 'http-status';\r\nimport Department from '../models/department';\r\nimport _startCase from 'lodash/startCase';\r\nimport _get from 'lodash/get';\r\nimport MongoHanlder from './common/mongo';\r\nimport CrudHandler from './common/crud';\r\nimport APIError from './common/APIError';\r\n\r\nconst mongoDriver = new MongoHanlder(Department);\r\nconst activeDriver = mongoDriver;\r\n\r\nconst CRUD = new CrudHandler('Department', activeDriver, mongoDriver);\r\n\r\nfunction GetOne(query, populate= ['','']) {\r\n  return CRUD.getOne(query, populate);\r\n}\r\n\r\nfunction GetById(id, populate= ['','']) {\r\n  return CRUD.getById(id, populate);\r\n}\r\n\r\nfunction Get(params, populate= ['','']) {\r\n  const {\r\n    limit = 20,\r\n    skip = 0,\r\n    query = {},\r\n    sort = 'createdAt',\r\n    order = 'desc'\r\n  } = params;\r\n  return CRUD.get(query, skip, limit, sort, order, populate);\r\n}\r\n\r\nfunction UpdateById(departmentId, departmentBody, user = null) {\r\n  return new Promise((resolve, reject) => {\r\n    const { name = null } = departmentBody;\r\n\r\n    ifAttributeExists({ name }, name, departmentId).then(data => {\r\n      if(!!(_get(data, 'status'))) {\r\n        reject({\r\n          status: httpStatus.BAD_REQUEST,\r\n          err: _get(data, 'err'),\r\n        });\r\n      } else {\r\n        CRUD.updateById(departmentId, departmentBody, user).then(updatedDepartment => {\r\n          resolve(updatedDepartment);\r\n        })\r\n        .catch(e => reject(e));\r\n      }\r\n    })\r\n    .catch(e => reject(e));\r\n  });\r\n}\r\n\r\nfunction Create(departmentBody, user = null) {\r\n  return new Promise((resolve, reject) => {\r\n    const { name = null } = departmentBody;\r\n    \r\n    ifAttributeExists({ name }, name).then(data => {\r\n      if(!!(_get(data, 'status'))) {\r\n        reject({\r\n          status: httpStatus.BAD_REQUEST,\r\n          err: _get(data, 'err'),\r\n        });\r\n      } else {\r\n        CRUD.create(Department, departmentBody, user).then(savedDepartment => {\r\n          resolve(savedDepartment);\r\n        })\r\n        .catch(e => reject(e));\r\n      }\r\n    })\r\n    .catch(e => reject(e));\r\n  });\r\n}\r\n\r\nfunction Remove(id, user = null) {\r\n  return CRUD.remove(id, user);\r\n}\r\n\r\nfunction ifAttributeExists(values, key, exception = null) {\r\n  return new Promise((resolve, reject) => {\r\n    CRUD.isUnique(values, exception).then((valueExists) => {\r\n      if (!!valueExists) {\r\n        const err = new APIError(`${_startCase(key)} already exists`, httpStatus.BAD_REQUEST);\r\n        resolve({\r\n          status: true,\r\n          err,\r\n        });\r\n      } else {\r\n        resolve({\r\n            status: false\r\n        });\r\n      }\r\n    })\r\n    .catch(e => reject(e));\r\n  });\r\n}\r\n\r\n\r\nexport default { Create, GetOne, UpdateById, GetById, Get, Remove };\r\n"]},"_coverageSchema":"1a1c01bbd47fc00a2c39e90264f33305004495a9","hash":"702c0354df5cd8cb1052fbd377aebf3ca8d97097","contentHash":"eec9b4c2d448c5e0b24f28b6cd3688e681d073d990dac65c976e37945d8a7d45"},"C:\\Users\\MusaGhauri\\Desktop\\BitBytes\\musaghauri\\hr-system\\server\\models\\department.js":{"path":"C:\\Users\\MusaGhauri\\Desktop\\BitBytes\\musaghauri\\hr-system\\server\\models\\department.js","statementMap":{"0":{"start":{"line":3,"column":0},"end":{"line":5,"column":3}},"1":{"start":{"line":6,"column":0},"end":{"line":6,"column":28}},"2":{"start":{"line":8,"column":15},"end":{"line":8,"column":34}},"3":{"start":{"line":10,"column":13},"end":{"line":10,"column":28}},"4":{"start":{"line":11,"column":23},"end":{"line":28,"column":2}},"5":{"start":{"line":29,"column":17},"end":{"line":29,"column":63}},"6":{"start":{"line":30,"column":15},"end":{"line":30,"column":25}},"7":{"start":{"line":31,"column":0},"end":{"line":31,"column":30}}},"fnMap":{},"branchMap":{},"s":{"0":1,"1":1,"2":1,"3":1,"4":1,"5":1,"6":1,"7":1},"f":{},"b":{},"inputSourceMap":{"version":3,"sources":["department.js"],"names":["mongoose","require","Schema","departmentSchema","name","type","String","unique","required","company","Types","ObjectId","ref","createdBy","timestamps","Department","model"],"mappings":";;;;;;;AAAA,IAAMA,QAAQ,GAAGC,OAAO,CAAC,UAAD,CAAxB;;IAEQC,M,GAAWF,Q,CAAXE,M;AAER,IAAMC,gBAAgB,GAAG,IAAID,MAAJ,CACvB;AACEE,EAAAA,IAAI,EAAE;AACJC,IAAAA,IAAI,EAAEC,MADF;AAEJC,IAAAA,MAAM,EAAE,IAFJ;AAGJC,IAAAA,QAAQ,EAAE;AAHN,GADR;AAMEC,EAAAA,OAAO,EAAE;AACPJ,IAAAA,IAAI,EAAEH,MAAM,CAACQ,KAAP,CAAaC,QADZ;AAEPC,IAAAA,GAAG,EAAE,SAFE,CAGP;;AAHO,GANX;AAWEC,EAAAA,SAAS,EAAE;AACTR,IAAAA,IAAI,EAAEH,MAAM,CAACQ,KAAP,CAAaC,QADV;AAETC,IAAAA,GAAG,EAAE;AAFI;AAXb,CADuB,EAiBvB;AAAEE,EAAAA,UAAU,EAAE;AAAd,CAjBuB,CAAzB;AAoBA,IAAMC,UAAU,GAAGf,QAAQ,CAACgB,KAAT,CAAe,YAAf,EAA6Bb,gBAA7B,CAAnB;eAEeY,U","sourceRoot":"C:\\Users\\MusaGhauri\\Desktop\\BitBytes\\musaghauri\\hr-system\\server\\models\\","sourcesContent":["const mongoose = require('mongoose');\r\n\r\nconst { Schema } = mongoose;\r\n\r\nconst departmentSchema = new Schema(\r\n  {\r\n    name: {\r\n      type: String,\r\n      unique: true,\r\n      required: true,\r\n    },\r\n    company: {\r\n      type: Schema.Types.ObjectId,\r\n      ref: 'Company',\r\n      // required: true,\r\n    },\r\n    createdBy: {\r\n      type: Schema.Types.ObjectId,\r\n      ref: 'User',\r\n    },\r\n  },\r\n  { timestamps: true }\r\n);\r\n\r\nconst Department = mongoose.model('Department', departmentSchema);\r\n\r\nexport default Department;\r\n"]},"_coverageSchema":"1a1c01bbd47fc00a2c39e90264f33305004495a9","hash":"0ab5887afa47d5a9e7ca74da876ae2295db4e216","contentHash":"055db5a6925d9abbb0f294e3550083348dcace38dec54132b9da773c7dea11ef"}}